<?xml version="1.0" encoding="UTF-8"?>
<coverage generated="1777800356308" clover="3.2.0">
  <project timestamp="1777800356308" name="All files">
    <metrics statements="524" coveredstatements="420" conditionals="243" coveredconditionals="142" methods="132" coveredmethods="113" elements="899" coveredelements="675" complexity="0" loc="524" ncloc="524" packages="4" files="10" classes="10"/>
    <package name="core">
      <metrics statements="284" coveredstatements="250" conditionals="123" coveredconditionals="89" methods="62" coveredmethods="56"/>
      <file name="capture.ts" path="/Users/quy.doan/Workspace/personal/pi-me/core-tools/task-orchestration/src/core/capture.ts">
        <metrics statements="55" coveredstatements="54" conditionals="28" coveredconditionals="23" methods="9" coveredmethods="9"/>
        <line num="2" count="3" type="stmt"/>
        <line num="10" count="3" type="stmt"/>
        <line num="14" count="28" type="cond" truecount="2" falsecount="0"/>
        <line num="18" count="15" type="stmt"/>
        <line num="19" count="15" type="stmt"/>
        <line num="20" count="16" type="cond" truecount="3" falsecount="0"/>
        <line num="21" count="14" type="stmt"/>
        <line num="22" count="14" type="stmt"/>
        <line num="26" count="15" type="stmt"/>
        <line num="27" count="15" type="stmt"/>
        <line num="28" count="15" type="stmt"/>
        <line num="30" count="15" type="stmt"/>
        <line num="31" count="18" type="stmt"/>
        <line num="32" count="18" type="cond" truecount="2" falsecount="1"/>
        <line num="33" count="18" type="cond" truecount="0" falsecount="1"/>
        <line num="34" count="18" type="stmt"/>
        <line num="36" count="18" type="stmt"/>
        <line num="37" count="18" type="stmt"/>
        <line num="39" count="18" type="stmt"/>
        <line num="50" count="18" type="cond" truecount="1" falsecount="0"/>
        <line num="51" count="5" type="stmt"/>
        <line num="52" count="5" type="cond" truecount="0" falsecount="1"/>
        <line num="55" count="18" type="stmt"/>
        <line num="56" count="18" type="stmt"/>
        <line num="59" count="15" type="stmt"/>
        <line num="63" count="17" type="cond" truecount="3" falsecount="0"/>
        <line num="64" count="16" type="stmt"/>
        <line num="66" count="16" type="cond" truecount="1" falsecount="0"/>
        <line num="67" count="5" type="stmt"/>
        <line num="68" count="2" type="cond" truecount="1" falsecount="0"/>
        <line num="71" count="14" type="cond" truecount="1" falsecount="0"/>
        <line num="72" count="4" type="stmt"/>
        <line num="73" count="2" type="cond" truecount="1" falsecount="0"/>
        <line num="76" count="12" type="stmt"/>
        <line num="80" count="21" type="stmt"/>
        <line num="81" count="21" type="stmt"/>
        <line num="82" count="21" type="stmt"/>
        <line num="83" count="21" type="stmt"/>
        <line num="84" count="21" type="stmt"/>
        <line num="85" count="21" type="stmt"/>
        <line num="86" count="21" type="stmt"/>
        <line num="93" count="5" type="cond" truecount="0" falsecount="1"/>
        <line num="94" count="0" type="cond" truecount="0" falsecount="1"/>
        <line num="96" count="5" type="stmt"/>
        <line num="100" count="18" type="cond" truecount="1" falsecount="0"/>
        <line num="101" count="17" type="cond" truecount="1" falsecount="0"/>
        <line num="102" count="16" type="stmt"/>
        <line num="106" count="18" type="stmt"/>
        <line num="107" count="18" type="cond" truecount="1" falsecount="0"/>
        <line num="108" count="18" type="cond" truecount="1" falsecount="0"/>
        <line num="109" count="18" type="cond" truecount="1" falsecount="0"/>
        <line num="110" count="18" type="cond" truecount="1" falsecount="0"/>
        <line num="111" count="18" type="cond" truecount="1" falsecount="0"/>
        <line num="112" count="18" type="cond" truecount="1" falsecount="0"/>
        <line num="113" count="18" type="stmt"/>
      </file>
      <file name="dependency.ts" path="/Users/quy.doan/Workspace/personal/pi-me/core-tools/task-orchestration/src/core/dependency.ts">
        <metrics statements="57" coveredstatements="50" conditionals="37" coveredconditionals="23" methods="12" coveredmethods="11"/>
        <line num="5" count="3" type="stmt"/>
        <line num="8" count="3" type="stmt"/>
        <line num="10" count="31" type="stmt"/>
        <line num="11" count="12" type="stmt"/>
        <line num="12" count="31" type="cond" truecount="2" falsecount="0"/>
        <line num="13" count="31" type="stmt"/>
        <line num="14" count="14" type="cond" truecount="1" falsecount="0"/>
        <line num="15" count="1" type="stmt"/>
        <line num="20" count="12" type="stmt"/>
        <line num="21" count="12" type="stmt"/>
        <line num="23" count="12" type="stmt"/>
        <line num="24" count="12" type="stmt"/>
        <line num="26" count="2" type="stmt"/>
        <line num="29" count="10" type="stmt"/>
        <line num="33" count="31" type="stmt"/>
        <line num="35" count="12" type="stmt"/>
        <line num="36" count="31" type="cond" truecount="1" falsecount="0"/>
        <line num="37" count="11" type="stmt"/>
        <line num="41" count="31" type="cond" truecount="1" falsecount="0"/>
        <line num="42" count="9" type="stmt"/>
        <line num="43" count="29" type="cond" truecount="2" falsecount="0"/>
        <line num="46" count="9" type="stmt"/>
        <line num="47" count="0" type="cond" truecount="0" falsecount="2"/>
        <line num="48" count="0" type="cond" truecount="0" falsecount="2"/>
        <line num="49" count="0" type="cond" truecount="0" falsecount="1"/>
        <line num="50" count="0" type="stmt"/>
        <line num="53" count="9" type="stmt"/>
        <line num="54" count="9" type="cond" truecount="0" falsecount="1"/>
        <line num="55" count="0" type="stmt"/>
        <line num="56" count="0" type="cond" truecount="0" falsecount="3"/>
        <line num="57" count="0" type="stmt"/>
        <line num="63" count="31" type="cond" truecount="1" falsecount="0"/>
        <line num="64" count="3" type="stmt"/>
        <line num="65" count="3" type="stmt"/>
        <line num="67" count="9" type="cond" truecount="3" falsecount="0"/>
        <line num="72" count="3" type="cond" truecount="1" falsecount="0"/>
        <line num="73" count="2" type="stmt"/>
        <line num="74" count="1" type="cond" truecount="1" falsecount="1"/>
        <line num="75" count="1" type="cond" truecount="1" falsecount="1"/>
        <line num="76" count="1" type="cond" truecount="1" falsecount="1"/>
        <line num="78" count="2" type="cond" truecount="3" falsecount="0"/>
        <line num="79" count="2" type="stmt"/>
        <line num="84" count="31" type="stmt"/>
        <line num="87" count="12" type="stmt"/>
        <line num="91" count="1" type="stmt"/>
        <line num="92" count="1" type="cond" truecount="1" falsecount="1"/>
        <line num="94" count="1" type="stmt"/>
        <line num="95" count="1" type="stmt"/>
        <line num="97" count="2" type="cond" truecount="1" falsecount="1"/>
        <line num="101" count="1" type="stmt"/>
        <line num="102" count="2" type="cond" truecount="1" falsecount="0"/>
        <line num="103" count="2" type="stmt"/>
        <line num="108" count="1" type="stmt"/>
        <line num="115" count="2" type="cond" truecount="1" falsecount="0"/>
        <line num="116" count="1" type="cond" truecount="1" falsecount="0"/>
        <line num="117" count="1" type="stmt"/>
        <line num="121" count="1" type="stmt"/>
      </file>
      <file name="executor.ts" path="/Users/quy.doan/Workspace/personal/pi-me/core-tools/task-orchestration/src/core/executor.ts">
        <metrics statements="89" coveredstatements="65" conditionals="20" coveredconditionals="11" methods="18" coveredmethods="13"/>
        <line num="6" count="3" type="stmt"/>
        <line num="13" count="17" type="stmt"/>
        <line num="14" count="17" type="stmt"/>
        <line num="15" count="17" type="stmt"/>
        <line num="16" count="17" type="stmt"/>
        <line num="20" count="5" type="stmt"/>
        <line num="21" count="5" type="stmt"/>
        <line num="22" count="5" type="stmt"/>
        <line num="24" count="5" type="cond" truecount="2" falsecount="0"/>
        <line num="25" count="5" type="cond" truecount="2" falsecount="0"/>
        <line num="27" count="5" type="stmt"/>
        <line num="28" count="6" type="cond" truecount="0" falsecount="1"/>
        <line num="30" count="6" type="stmt"/>
        <line num="32" count="7" type="stmt"/>
        <line num="33" count="7" type="cond" truecount="0" falsecount="1"/>
        <line num="34" count="7" type="stmt"/>
        <line num="38" count="6" type="stmt"/>
        <line num="40" count="6" type="stmt"/>
        <line num="41" count="7" type="stmt"/>
        <line num="42" count="7" type="cond" truecount="1" falsecount="0"/>
        <line num="46" count="5" type="stmt"/>
        <line num="47" count="5" type="stmt"/>
        <line num="56" count="7" type="stmt"/>
        <line num="58" count="7" type="stmt"/>
        <line num="59" count="7" type="stmt"/>
        <line num="60" count="7" type="stmt"/>
        <line num="62" count="0" type="stmt"/>
        <line num="63" count="0" type="cond" truecount="0" falsecount="1"/>
        <line num="64" count="0" type="stmt"/>
        <line num="69" count="0" type="stmt"/>
        <line num="70" count="0" type="cond" truecount="0" falsecount="2"/>
        <line num="71" count="0" type="stmt"/>
        <line num="72" count="0" type="stmt"/>
        <line num="73" count="0" type="stmt"/>
        <line num="74" count="0" type="stmt"/>
        <line num="75" count="0" type="stmt"/>
        <line num="82" count="7" type="stmt"/>
        <line num="83" count="7" type="stmt"/>
        <line num="84" count="7" type="stmt"/>
        <line num="85" count="7" type="stmt"/>
        <line num="86" count="7" type="stmt"/>
        <line num="88" count="7" type="stmt"/>
        <line num="90" count="7" type="cond" truecount="0" falsecount="1"/>
        <line num="91" count="0" type="stmt"/>
        <line num="92" count="0" type="stmt"/>
        <line num="93" count="0" type="stmt"/>
        <line num="94" count="0" type="stmt"/>
        <line num="95" count="0" type="stmt"/>
        <line num="96" count="0" type="stmt"/>
        <line num="97" count="0" type="stmt"/>
        <line num="100" count="7" type="stmt"/>
        <line num="101" count="7" type="stmt"/>
        <line num="102" count="7" type="stmt"/>
        <line num="105" count="7" type="stmt"/>
        <line num="107" count="0" type="stmt"/>
        <line num="112" count="7" type="stmt"/>
        <line num="113" count="7" type="stmt"/>
        <line num="115" count="0" type="cond" truecount="0" falsecount="2"/>
        <line num="118" count="7" type="stmt"/>
        <line num="119" count="7" type="stmt"/>
        <line num="121" count="7" type="cond" truecount="2" falsecount="0"/>
        <line num="122" count="6" type="stmt"/>
        <line num="123" count="6" type="stmt"/>
        <line num="125" count="1" type="stmt"/>
        <line num="126" count="1" type="cond" truecount="2" falsecount="0"/>
        <line num="129" count="7" type="stmt"/>
        <line num="130" count="7" type="stmt"/>
        <line num="131" count="7" type="stmt"/>
        <line num="135" count="3" type="stmt"/>
        <line num="136" count="3" type="cond" truecount="1" falsecount="0"/>
        <line num="137" count="2" type="stmt"/>
        <line num="138" count="2" type="stmt"/>
        <line num="139" count="2" type="stmt"/>
        <line num="143" count="0" type="cond" truecount="0" falsecount="1"/>
        <line num="144" count="0" type="stmt"/>
        <line num="145" count="0" type="stmt"/>
        <line num="150" count="14" type="cond" truecount="1" falsecount="0"/>
        <line num="151" count="14" type="stmt"/>
        <line num="153" count="14" type="stmt"/>
        <line num="157" count="1" type="stmt"/>
        <line num="158" count="1" type="stmt"/>
        <line num="159" count="1" type="stmt"/>
        <line num="161" count="1" type="stmt"/>
        <line num="165" count="1" type="stmt"/>
        <line num="169" count="44" type="stmt"/>
        <line num="170" count="10" type="stmt"/>
        <line num="171" count="10" type="stmt"/>
        <line num="173" count="0" type="stmt"/>
        <line num="179" count="0" type="stmt"/>
      </file>
      <file name="task.ts" path="/Users/quy.doan/Workspace/personal/pi-me/core-tools/task-orchestration/src/core/task.ts">
        <metrics statements="83" coveredstatements="81" conditionals="38" coveredconditionals="32" methods="23" coveredmethods="23"/>
        <line num="21" count="9" type="stmt"/>
        <line num="27" count="107" type="stmt"/>
        <line num="28" count="44" type="stmt"/>
        <line num="29" count="44" type="stmt"/>
        <line num="32" count="44" type="stmt"/>
        <line num="33" count="107" type="cond" truecount="2" falsecount="0"/>
        <line num="34" count="107" type="stmt"/>
        <line num="38" count="44" type="stmt"/>
        <line num="39" count="107" type="cond" truecount="2" falsecount="0"/>
        <line num="40" count="107" type="stmt"/>
        <line num="41" count="56" type="cond" truecount="1" falsecount="0"/>
        <line num="42" count="55" type="stmt"/>
        <line num="56" count="38" type="stmt"/>
        <line num="57" count="38" type="stmt"/>
        <line num="58" count="38" type="stmt"/>
        <line num="60" count="38" type="stmt"/>
        <line num="61" count="38" type="stmt"/>
        <line num="64" count="38" type="stmt"/>
        <line num="65" count="101" type="stmt"/>
        <line num="68" count="38" type="stmt"/>
        <line num="69" count="102" type="stmt"/>
        <line num="70" count="102" type="stmt"/>
        <line num="72" count="102" type="cond" truecount="2" falsecount="0"/>
        <line num="73" count="102" type="stmt"/>
        <line num="74" count="57" type="cond" truecount="2" falsecount="0"/>
        <line num="76" count="57" type="cond" truecount="1" falsecount="0"/>
        <line num="78" count="6" type="stmt"/>
        <line num="79" count="6" type="stmt"/>
        <line num="80" count="6" type="stmt"/>
        <line num="83" count="51" type="cond" truecount="1" falsecount="0"/>
        <line num="84" count="15" type="stmt"/>
        <line num="88" count="86" type="stmt"/>
        <line num="89" count="86" type="stmt"/>
        <line num="93" count="38" type="stmt"/>
        <line num="94" count="91" type="cond" truecount="1" falsecount="0"/>
        <line num="95" count="87" type="stmt"/>
        <line num="111" count="18" type="stmt"/>
        <line num="112" count="18" type="stmt"/>
        <line num="114" count="0" type="stmt"/>
        <line num="117" count="18" type="stmt"/>
        <line num="118" count="18" type="stmt"/>
        <line num="120" count="18" type="stmt"/>
        <line num="122" count="38" type="stmt"/>
        <line num="124" count="38" type="stmt"/>
        <line num="125" count="127" type="cond" truecount="1" falsecount="0"/>
        <line num="127" count="86" type="cond" truecount="1" falsecount="1"/>
        <line num="128" count="86" type="stmt"/>
        <line num="130" count="86" type="cond" truecount="1" falsecount="0"/>
        <line num="131" count="50" type="stmt"/>
        <line num="135" count="38" type="cond" truecount="0" falsecount="1"/>
        <line num="137" count="0" type="stmt"/>
        <line num="140" count="38" type="stmt"/>
        <line num="141" count="50" type="stmt"/>
        <line num="144" count="18" type="stmt"/>
        <line num="154" count="4" type="stmt"/>
        <line num="156" count="4" type="stmt"/>
        <line num="157" count="10" type="cond" truecount="3" falsecount="0"/>
        <line num="159" count="8" type="cond" truecount="1" falsecount="1"/>
        <line num="160" count="8" type="cond" truecount="1" falsecount="0"/>
        <line num="161" count="4" type="stmt"/>
        <line num="165" count="4" type="stmt"/>
        <line num="172" count="2" type="stmt"/>
        <line num="179" count="10" type="stmt"/>
        <line num="186" count="4" type="stmt"/>
        <line num="193" count="1" type="cond" truecount="1" falsecount="1"/>
        <line num="194" count="1" type="stmt"/>
        <line num="195" count="1" type="stmt"/>
        <line num="196" count="1" type="stmt"/>
        <line num="203" count="1" type="cond" truecount="1" falsecount="1"/>
        <line num="204" count="1" type="stmt"/>
        <line num="205" count="2" type="stmt"/>
        <line num="206" count="2" type="stmt"/>
        <line num="213" count="9" type="cond" truecount="0" falsecount="1"/>
        <line num="214" count="176" type="stmt"/>
        <line num="215" count="176" type="stmt"/>
        <line num="230" count="9" type="stmt"/>
        <line num="231" count="3" type="cond" truecount="2" falsecount="0"/>
        <line num="237" count="9" type="stmt"/>
        <line num="238" count="2" type="stmt"/>
        <line num="244" count="9" type="stmt"/>
        <line num="245" count="2" type="stmt"/>
        <line num="251" count="9" type="stmt"/>
        <line num="252" count="2" type="stmt"/>
      </file>
    </package>
    <package name="inference">
      <metrics statements="27" coveredstatements="15" conditionals="17" coveredconditionals="5" methods="4" coveredmethods="3"/>
      <file name="intent.ts" path="/Users/quy.doan/Workspace/personal/pi-me/core-tools/task-orchestration/src/inference/intent.ts">
        <metrics statements="27" coveredstatements="15" conditionals="17" coveredconditionals="5" methods="4" coveredmethods="3"/>
        <line num="9" count="4" type="stmt"/>
        <line num="45" count="4" type="stmt"/>
        <line num="47" count="53" type="cond" truecount="3" falsecount="0"/>
        <line num="48" count="2" type="stmt"/>
        <line num="51" count="51" type="stmt"/>
        <line num="53" count="51" type="stmt"/>
        <line num="54" count="148" type="stmt"/>
        <line num="55" count="757" type="cond" truecount="1" falsecount="0"/>
        <line num="59" count="5" type="stmt"/>
        <line num="60" count="18" type="stmt"/>
        <line num="61" count="60" type="cond" truecount="1" falsecount="0"/>
        <line num="65" count="2" type="cond" truecount="0" falsecount="1"/>
        <line num="66" count="2" type="cond" truecount="0" falsecount="1"/>
        <line num="68" count="2" type="stmt"/>
        <line num="72" count="6" type="stmt"/>
        <line num="76" count="0" type="cond" truecount="0" falsecount="3"/>
        <line num="77" count="0" type="stmt"/>
        <line num="78" count="0" type="stmt"/>
        <line num="79" count="0" type="cond" truecount="0" falsecount="3"/>
        <line num="80" count="0" type="stmt"/>
        <line num="81" count="0" type="cond" truecount="0" falsecount="1"/>
        <line num="82" count="0" type="cond" truecount="0" falsecount="1"/>
        <line num="83" count="0" type="stmt"/>
        <line num="84" count="0" type="cond" truecount="0" falsecount="1"/>
        <line num="85" count="0" type="cond" truecount="0" falsecount="1"/>
        <line num="86" count="0" type="stmt"/>
        <line num="88" count="0" type="stmt"/>
      </file>
    </package>
    <package name="persistence">
      <metrics statements="80" coveredstatements="70" conditionals="20" coveredconditionals="11" methods="34" coveredmethods="32"/>
      <file name="state.ts" path="/Users/quy.doan/Workspace/personal/pi-me/core-tools/task-orchestration/src/persistence/state.ts">
        <metrics statements="80" coveredstatements="70" conditionals="20" coveredconditionals="11" methods="34" coveredmethods="32"/>
        <line num="10" count="3" type="stmt"/>
        <line num="11" count="3" type="stmt"/>
        <line num="23" count="3" type="stmt"/>
        <line num="28" count="22" type="stmt"/>
        <line num="29" count="22" type="stmt"/>
        <line num="30" count="22" type="cond" truecount="3" falsecount="0"/>
        <line num="31" count="1" type="stmt"/>
        <line num="39" count="39" type="stmt"/>
        <line num="40" count="39" type="cond" truecount="1" falsecount="0"/>
        <line num="41" count="4" type="stmt"/>
        <line num="49" count="1" type="stmt"/>
        <line num="56" count="13" type="stmt"/>
        <line num="63" count="8" type="stmt"/>
        <line num="70" count="1" type="stmt"/>
        <line num="77" count="1" type="stmt"/>
        <line num="84" count="12" type="stmt"/>
        <line num="91" count="1" type="stmt"/>
        <line num="92" count="1" type="cond" truecount="1" falsecount="0"/>
        <line num="93" count="1" type="stmt"/>
        <line num="94" count="1" type="stmt"/>
        <line num="102" count="2" type="cond" truecount="1" falsecount="0"/>
        <line num="103" count="1" type="stmt"/>
        <line num="110" count="1" type="stmt"/>
        <line num="111" count="1" type="cond" truecount="0" falsecount="1"/>
        <line num="112" count="0" type="stmt"/>
        <line num="120" count="1" type="cond" truecount="0" falsecount="1"/>
        <line num="121" count="1" type="stmt"/>
        <line num="122" count="1" type="stmt"/>
        <line num="123" count="1" type="stmt"/>
        <line num="124" count="1" type="stmt"/>
        <line num="134" count="4" type="cond" truecount="0" falsecount="1"/>
        <line num="135" count="4" type="stmt"/>
        <line num="136" count="4" type="stmt"/>
        <line num="137" count="4" type="cond" truecount="0" falsecount="1"/>
        <line num="138" count="0" type="stmt"/>
        <line num="140" count="4" type="stmt"/>
        <line num="152" count="3" type="stmt"/>
        <line num="157" count="20" type="stmt"/>
        <line num="158" count="20" type="stmt"/>
        <line num="159" count="20" type="cond" truecount="2" falsecount="1"/>
        <line num="160" count="0" type="stmt"/>
        <line num="168" count="21" type="stmt"/>
        <line num="169" count="21" type="cond" truecount="1" falsecount="0"/>
        <line num="170" count="3" type="stmt"/>
        <line num="178" count="4" type="stmt"/>
        <line num="185" count="3" type="stmt"/>
        <line num="192" count="11" type="stmt"/>
        <line num="199" count="5" type="stmt"/>
        <line num="202" count="5" type="stmt"/>
        <line num="203" count="6" type="cond" truecount="1" falsecount="0"/>
        <line num="204" count="6" type="stmt"/>
        <line num="208" count="5" type="stmt"/>
        <line num="215" count="2" type="stmt"/>
        <line num="216" count="3" type="stmt"/>
        <line num="218" count="2" type="stmt"/>
        <line num="219" count="3" type="stmt"/>
        <line num="220" count="3" type="cond" truecount="1" falsecount="0"/>
        <line num="221" count="3" type="stmt"/>
        <line num="225" count="2" type="stmt"/>
        <line num="232" count="1" type="stmt"/>
        <line num="233" count="1" type="cond" truecount="0" falsecount="1"/>
        <line num="234" count="0" type="stmt"/>
        <line num="242" count="0" type="cond" truecount="0" falsecount="1"/>
        <line num="243" count="0" type="stmt"/>
        <line num="244" count="0" type="stmt"/>
        <line num="245" count="0" type="stmt"/>
        <line num="255" count="3" type="cond" truecount="0" falsecount="1"/>
        <line num="256" count="3" type="stmt"/>
        <line num="257" count="3" type="cond" truecount="0" falsecount="1"/>
        <line num="258" count="0" type="stmt"/>
        <line num="260" count="3" type="stmt"/>
        <line num="267" count="0" type="stmt"/>
        <line num="277" count="3" type="stmt"/>
        <line num="282" count="2" type="stmt"/>
        <line num="283" count="2" type="stmt"/>
        <line num="290" count="2" type="stmt"/>
        <line num="291" count="2" type="stmt"/>
        <line num="298" count="1" type="stmt"/>
        <line num="305" count="1" type="stmt"/>
        <line num="312" count="1" type="stmt"/>
      </file>
    </package>
    <package name="ui">
      <metrics statements="133" coveredstatements="85" conditionals="83" coveredconditionals="37" methods="32" coveredmethods="22"/>
      <file name="notification-inbox.ts" path="/Users/quy.doan/Workspace/personal/pi-me/core-tools/task-orchestration/src/ui/notification-inbox.ts">
        <metrics statements="44" coveredstatements="37" conditionals="28" coveredconditionals="19" methods="11" coveredmethods="9"/>
        <line num="25" count="3" type="stmt"/>
        <line num="35" count="15" type="stmt"/>
        <line num="36" count="15" type="stmt"/>
        <line num="37" count="15" type="stmt"/>
        <line num="38" count="15" type="stmt"/>
        <line num="45" count="12" type="stmt"/>
        <line num="47" count="12" type="stmt"/>
        <line num="48" count="17" type="stmt"/>
        <line num="51" count="17" type="cond" truecount="1" falsecount="0"/>
        <line num="52" count="5" type="stmt"/>
        <line num="60" count="5" type="stmt"/>
        <line num="64" count="12" type="cond" truecount="1" falsecount="0"/>
        <line num="65" count="4" type="cond" truecount="3" falsecount="0"/>
        <line num="66" count="2" type="stmt"/>
        <line num="75" count="4" type="stmt"/>
        <line num="79" count="8" type="cond" truecount="3" falsecount="0"/>
        <line num="80" count="6" type="stmt"/>
        <line num="81" count="6" type="cond" truecount="1" falsecount="0"/>
        <line num="82" count="1" type="stmt"/>
        <line num="90" count="1" type="stmt"/>
        <line num="94" count="5" type="cond" truecount="1" falsecount="2"/>
        <line num="95" count="0" type="stmt"/>
        <line num="100" count="7" type="cond" truecount="1" falsecount="0"/>
        <line num="105" count="2" type="stmt"/>
        <line num="110" count="12" type="stmt"/>
        <line num="111" count="10" type="cond" truecount="2" falsecount="1"/>
        <line num="112" count="0" type="stmt"/>
        <line num="117" count="12" type="cond" truecount="0" falsecount="1"/>
        <line num="118" count="0" type="stmt"/>
        <line num="126" count="0" type="stmt"/>
        <line num="133" count="9" type="stmt"/>
        <line num="134" count="9" type="stmt"/>
        <line num="135" count="6" type="stmt"/>
        <line num="138" count="5" type="cond" truecount="0" falsecount="1"/>
        <line num="139" count="0" type="stmt"/>
        <line num="141" count="5" type="stmt"/>
        <line num="145" count="0" type="stmt"/>
        <line num="146" count="0" type="cond" truecount="0" falsecount="4"/>
        <line num="154" count="1" type="stmt"/>
        <line num="155" count="1" type="cond" truecount="1" falsecount="0"/>
        <line num="156" count="1" type="stmt"/>
        <line num="164" count="1" type="stmt"/>
        <line num="171" count="7" type="stmt"/>
        <line num="178" count="7" type="stmt"/>
      </file>
      <file name="progress-widget.ts" path="/Users/quy.doan/Workspace/personal/pi-me/core-tools/task-orchestration/src/ui/progress-widget.ts">
        <metrics statements="22" coveredstatements="17" conditionals="10" coveredconditionals="6" methods="10" coveredmethods="8"/>
        <line num="8" count="3" type="stmt"/>
        <line num="9" count="3" type="stmt"/>
        <line num="12" count="3" type="stmt"/>
        <line num="17" count="14" type="stmt"/>
        <line num="18" count="14" type="stmt"/>
        <line num="25" count="11" type="stmt"/>
        <line num="26" count="11" type="cond" truecount="0" falsecount="1"/>
        <line num="27" count="0" type="stmt"/>
        <line num="35" count="0" type="stmt"/>
        <line num="42" count="2" type="stmt"/>
        <line num="49" count="1" type="stmt"/>
        <line num="50" count="1" type="stmt"/>
        <line num="51" count="1" type="stmt"/>
        <line num="53" count="1" type="cond" truecount="1" falsecount="0"/>
        <line num="55" count="0" type="stmt"/>
        <line num="56" count="0" type="cond" truecount="0" falsecount="2"/>
        <line num="58" count="0" type="stmt"/>
        <line num="65" count="2" type="stmt"/>
        <line num="66" count="6" type="stmt"/>
        <line num="67" count="2" type="stmt"/>
        <line num="78" count="2" type="cond" truecount="2" falsecount="0"/>
        <line num="79" count="3" type="cond" truecount="2" falsecount="0"/>
      </file>
      <file name="renderer.ts" path="/Users/quy.doan/Workspace/personal/pi-me/core-tools/task-orchestration/src/ui/renderer.ts">
        <metrics statements="36" coveredstatements="21" conditionals="28" coveredconditionals="9" methods="7" coveredmethods="4"/>
        <line num="24" count="4" type="stmt"/>
        <line num="35" count="4" type="stmt"/>
        <line num="46" count="4" type="stmt"/>
        <line num="51" count="5" type="cond" truecount="5" falsecount="1"/>
        <line num="52" count="1" type="stmt"/>
        <line num="53" count="1" type="stmt"/>
        <line num="54" count="1" type="stmt"/>
        <line num="55" count="1" type="stmt"/>
        <line num="56" count="0" type="stmt"/>
        <line num="57" count="1" type="stmt"/>
        <line num="65" count="0" type="cond" truecount="0" falsecount="2"/>
        <line num="66" count="0" type="cond" truecount="0" falsecount="6"/>
        <line num="67" count="0" type="stmt"/>
        <line num="68" count="0" type="stmt"/>
        <line num="69" count="0" type="stmt"/>
        <line num="70" count="0" type="stmt"/>
        <line num="71" count="0" type="stmt"/>
        <line num="72" count="0" type="stmt"/>
        <line num="80" count="0" type="cond" truecount="0" falsecount="2"/>
        <line num="81" count="0" type="cond" truecount="0" falsecount="2"/>
        <line num="82" count="0" type="cond" truecount="0" falsecount="1"/>
        <line num="84" count="0" type="stmt"/>
        <line num="85" count="0" type="stmt"/>
        <line num="92" count="3" type="cond" truecount="1" falsecount="0"/>
        <line num="93" count="2" type="cond" truecount="1" falsecount="0"/>
        <line num="94" count="1" type="stmt"/>
        <line num="95" count="1" type="stmt"/>
        <line num="96" count="1" type="stmt"/>
        <line num="103" count="0" type="cond" truecount="0" falsecount="2"/>
        <line num="110" count="3" type="stmt"/>
        <line num="111" count="3" type="stmt"/>
        <line num="112" count="3" type="stmt"/>
        <line num="119" count="3" type="stmt"/>
        <line num="126" count="3" type="stmt"/>
        <line num="127" count="7" type="cond" truecount="2" falsecount="0"/>
        <line num="129" count="3" type="stmt"/>
      </file>
      <file name="task-card.ts" path="/Users/quy.doan/Workspace/personal/pi-me/core-tools/task-orchestration/src/ui/task-card.ts">
        <metrics statements="31" coveredstatements="10" conditionals="17" coveredconditionals="3" methods="4" coveredmethods="1"/>
        <line num="12" count="3" type="stmt"/>
        <line num="22" count="3" type="stmt"/>
        <line num="26" count="0" type="stmt"/>
        <line num="33" count="0" type="stmt"/>
        <line num="34" count="0" type="stmt"/>
        <line num="35" count="0" type="stmt"/>
        <line num="36" count="0" type="stmt"/>
        <line num="38" count="0" type="stmt"/>
        <line num="40" count="0" type="cond" truecount="0" falsecount="1"/>
        <line num="41" count="0" type="stmt"/>
        <line num="44" count="0" type="cond" truecount="0" falsecount="4"/>
        <line num="45" count="0" type="stmt"/>
        <line num="48" count="0" type="cond" truecount="0" falsecount="3"/>
        <line num="49" count="0" type="stmt"/>
        <line num="52" count="0" type="cond" truecount="0" falsecount="3"/>
        <line num="53" count="0" type="stmt"/>
        <line num="56" count="0" type="cond" truecount="0" falsecount="1"/>
        <line num="57" count="0" type="stmt"/>
        <line num="60" count="0" type="stmt"/>
        <line num="67" count="0" type="stmt"/>
        <line num="69" count="0" type="stmt"/>
        <line num="70" count="0" type="stmt"/>
        <line num="71" count="0" type="stmt"/>
        <line num="78" count="2" type="stmt"/>
        <line num="79" count="2" type="stmt"/>
        <line num="81" count="2" type="cond" truecount="1" falsecount="0"/>
        <line num="82" count="2" type="cond" truecount="1" falsecount="0"/>
        <line num="83" count="2" type="cond" truecount="1" falsecount="0"/>
        <line num="84" count="2" type="cond" truecount="0" falsecount="1"/>
        <line num="85" count="2" type="cond" truecount="0" falsecount="1"/>
        <line num="87" count="2" type="stmt"/>
      </file>
    </package>
  </project>
</coverage>
