<?xml version="1.0" encoding="UTF-8"?>
<coverage generated="1777799493957" clover="3.2.0">
  <project timestamp="1777799493957" name="All files">
    <metrics statements="220" coveredstatements="201" conditionals="95" coveredconditionals="66" methods="69" coveredmethods="66" elements="384" coveredelements="333" complexity="0" loc="220" ncloc="220" packages="2" files="3" classes="3"/>
    <package name="core">
      <metrics statements="140" coveredstatements="131" conditionals="75" coveredconditionals="55" methods="35" coveredmethods="34"/>
      <file name="dependency.ts" path="/Users/quy.doan/Workspace/personal/pi-me/core-tools/task-orchestration/src/core/dependency.ts">
        <metrics statements="57" coveredstatements="50" conditionals="37" coveredconditionals="23" methods="12" coveredmethods="11"/>
        <line num="5" count="1" type="stmt"/>
        <line num="8" count="1" type="stmt"/>
        <line num="10" count="29" type="stmt"/>
        <line num="11" count="11" type="stmt"/>
        <line num="12" count="29" type="cond" truecount="2" falsecount="0"/>
        <line num="13" count="29" type="stmt"/>
        <line num="14" count="14" type="cond" truecount="1" falsecount="0"/>
        <line num="15" count="1" type="stmt"/>
        <line num="20" count="11" type="stmt"/>
        <line num="21" count="11" type="stmt"/>
        <line num="23" count="11" type="stmt"/>
        <line num="24" count="11" type="stmt"/>
        <line num="26" count="2" type="stmt"/>
        <line num="29" count="9" type="stmt"/>
        <line num="33" count="29" type="stmt"/>
        <line num="35" count="11" type="stmt"/>
        <line num="36" count="29" type="cond" truecount="1" falsecount="0"/>
        <line num="37" count="11" type="stmt"/>
        <line num="41" count="29" type="cond" truecount="1" falsecount="0"/>
        <line num="42" count="9" type="stmt"/>
        <line num="43" count="29" type="cond" truecount="2" falsecount="0"/>
        <line num="46" count="9" type="stmt"/>
        <line num="47" count="0" type="cond" truecount="0" falsecount="2"/>
        <line num="48" count="0" type="cond" truecount="0" falsecount="2"/>
        <line num="49" count="0" type="cond" truecount="0" falsecount="1"/>
        <line num="50" count="0" type="stmt"/>
        <line num="53" count="9" type="stmt"/>
        <line num="54" count="9" type="cond" truecount="0" falsecount="1"/>
        <line num="55" count="0" type="stmt"/>
        <line num="56" count="0" type="cond" truecount="0" falsecount="3"/>
        <line num="57" count="0" type="stmt"/>
        <line num="63" count="29" type="cond" truecount="1" falsecount="0"/>
        <line num="64" count="3" type="stmt"/>
        <line num="65" count="3" type="stmt"/>
        <line num="67" count="9" type="cond" truecount="3" falsecount="0"/>
        <line num="72" count="3" type="cond" truecount="1" falsecount="0"/>
        <line num="73" count="2" type="stmt"/>
        <line num="74" count="1" type="cond" truecount="1" falsecount="1"/>
        <line num="75" count="1" type="cond" truecount="1" falsecount="1"/>
        <line num="76" count="1" type="cond" truecount="1" falsecount="1"/>
        <line num="78" count="2" type="cond" truecount="3" falsecount="0"/>
        <line num="79" count="2" type="stmt"/>
        <line num="84" count="29" type="stmt"/>
        <line num="87" count="11" type="stmt"/>
        <line num="91" count="1" type="stmt"/>
        <line num="92" count="1" type="cond" truecount="1" falsecount="1"/>
        <line num="94" count="1" type="stmt"/>
        <line num="95" count="1" type="stmt"/>
        <line num="97" count="2" type="cond" truecount="1" falsecount="1"/>
        <line num="101" count="1" type="stmt"/>
        <line num="102" count="2" type="cond" truecount="1" falsecount="0"/>
        <line num="103" count="2" type="stmt"/>
        <line num="108" count="1" type="stmt"/>
        <line num="115" count="2" type="cond" truecount="1" falsecount="0"/>
        <line num="116" count="1" type="cond" truecount="1" falsecount="0"/>
        <line num="117" count="1" type="stmt"/>
        <line num="121" count="1" type="stmt"/>
      </file>
      <file name="task.ts" path="/Users/quy.doan/Workspace/personal/pi-me/core-tools/task-orchestration/src/core/task.ts">
        <metrics statements="83" coveredstatements="81" conditionals="38" coveredconditionals="32" methods="23" coveredmethods="23"/>
        <line num="21" count="3" type="stmt"/>
        <line num="27" count="100" type="stmt"/>
        <line num="28" count="39" type="stmt"/>
        <line num="29" count="39" type="stmt"/>
        <line num="32" count="39" type="stmt"/>
        <line num="33" count="100" type="cond" truecount="2" falsecount="0"/>
        <line num="34" count="100" type="stmt"/>
        <line num="38" count="39" type="stmt"/>
        <line num="39" count="100" type="cond" truecount="2" falsecount="0"/>
        <line num="40" count="100" type="stmt"/>
        <line num="41" count="55" type="cond" truecount="1" falsecount="0"/>
        <line num="42" count="54" type="stmt"/>
        <line num="56" count="32" type="stmt"/>
        <line num="57" count="32" type="stmt"/>
        <line num="58" count="32" type="stmt"/>
        <line num="60" count="32" type="stmt"/>
        <line num="61" count="32" type="stmt"/>
        <line num="64" count="32" type="stmt"/>
        <line num="65" count="92" type="stmt"/>
        <line num="68" count="32" type="stmt"/>
        <line num="69" count="93" type="stmt"/>
        <line num="70" count="93" type="stmt"/>
        <line num="72" count="93" type="cond" truecount="2" falsecount="0"/>
        <line num="73" count="93" type="stmt"/>
        <line num="74" count="56" type="cond" truecount="2" falsecount="0"/>
        <line num="76" count="56" type="cond" truecount="1" falsecount="0"/>
        <line num="78" count="6" type="stmt"/>
        <line num="79" count="6" type="stmt"/>
        <line num="80" count="6" type="stmt"/>
        <line num="83" count="50" type="cond" truecount="1" falsecount="0"/>
        <line num="84" count="15" type="stmt"/>
        <line num="88" count="77" type="stmt"/>
        <line num="89" count="77" type="stmt"/>
        <line num="93" count="32" type="stmt"/>
        <line num="94" count="82" type="cond" truecount="1" falsecount="0"/>
        <line num="95" count="78" type="stmt"/>
        <line num="111" count="13" type="stmt"/>
        <line num="112" count="13" type="stmt"/>
        <line num="114" count="0" type="stmt"/>
        <line num="117" count="13" type="stmt"/>
        <line num="118" count="13" type="stmt"/>
        <line num="120" count="13" type="stmt"/>
        <line num="122" count="32" type="stmt"/>
        <line num="124" count="32" type="stmt"/>
        <line num="125" count="118" type="cond" truecount="1" falsecount="0"/>
        <line num="127" count="78" type="cond" truecount="1" falsecount="1"/>
        <line num="128" count="78" type="stmt"/>
        <line num="130" count="78" type="cond" truecount="1" falsecount="0"/>
        <line num="131" count="43" type="stmt"/>
        <line num="135" count="32" type="cond" truecount="0" falsecount="1"/>
        <line num="137" count="0" type="stmt"/>
        <line num="140" count="32" type="stmt"/>
        <line num="141" count="43" type="stmt"/>
        <line num="144" count="13" type="stmt"/>
        <line num="154" count="4" type="stmt"/>
        <line num="156" count="4" type="stmt"/>
        <line num="157" count="10" type="cond" truecount="3" falsecount="0"/>
        <line num="159" count="8" type="cond" truecount="1" falsecount="1"/>
        <line num="160" count="8" type="cond" truecount="1" falsecount="0"/>
        <line num="161" count="4" type="stmt"/>
        <line num="165" count="4" type="stmt"/>
        <line num="172" count="2" type="stmt"/>
        <line num="179" count="3" type="stmt"/>
        <line num="186" count="4" type="stmt"/>
        <line num="193" count="1" type="cond" truecount="1" falsecount="1"/>
        <line num="194" count="1" type="stmt"/>
        <line num="195" count="1" type="stmt"/>
        <line num="196" count="1" type="stmt"/>
        <line num="203" count="1" type="cond" truecount="1" falsecount="1"/>
        <line num="204" count="1" type="stmt"/>
        <line num="205" count="2" type="stmt"/>
        <line num="206" count="2" type="stmt"/>
        <line num="213" count="3" type="cond" truecount="0" falsecount="1"/>
        <line num="214" count="141" type="stmt"/>
        <line num="215" count="141" type="stmt"/>
        <line num="230" count="3" type="stmt"/>
        <line num="231" count="3" type="cond" truecount="2" falsecount="0"/>
        <line num="237" count="3" type="stmt"/>
        <line num="238" count="2" type="stmt"/>
        <line num="244" count="3" type="stmt"/>
        <line num="245" count="2" type="stmt"/>
        <line num="251" count="3" type="stmt"/>
        <line num="252" count="2" type="stmt"/>
      </file>
    </package>
    <package name="persistence">
      <metrics statements="80" coveredstatements="70" conditionals="20" coveredconditionals="11" methods="34" coveredmethods="32"/>
      <file name="state.ts" path="/Users/quy.doan/Workspace/personal/pi-me/core-tools/task-orchestration/src/persistence/state.ts">
        <metrics statements="80" coveredstatements="70" conditionals="20" coveredconditionals="11" methods="34" coveredmethods="32"/>
        <line num="10" count="1" type="stmt"/>
        <line num="11" count="1" type="stmt"/>
        <line num="23" count="1" type="stmt"/>
        <line num="28" count="13" type="stmt"/>
        <line num="29" count="13" type="stmt"/>
        <line num="30" count="13" type="cond" truecount="3" falsecount="0"/>
        <line num="31" count="1" type="stmt"/>
        <line num="39" count="22" type="stmt"/>
        <line num="40" count="22" type="cond" truecount="1" falsecount="0"/>
        <line num="41" count="4" type="stmt"/>
        <line num="49" count="1" type="stmt"/>
        <line num="56" count="5" type="stmt"/>
        <line num="63" count="1" type="stmt"/>
        <line num="70" count="1" type="stmt"/>
        <line num="77" count="1" type="stmt"/>
        <line num="84" count="12" type="stmt"/>
        <line num="91" count="1" type="stmt"/>
        <line num="92" count="1" type="cond" truecount="1" falsecount="0"/>
        <line num="93" count="1" type="stmt"/>
        <line num="94" count="1" type="stmt"/>
        <line num="102" count="2" type="cond" truecount="1" falsecount="0"/>
        <line num="103" count="1" type="stmt"/>
        <line num="110" count="1" type="stmt"/>
        <line num="111" count="1" type="cond" truecount="0" falsecount="1"/>
        <line num="112" count="0" type="stmt"/>
        <line num="120" count="1" type="cond" truecount="0" falsecount="1"/>
        <line num="121" count="1" type="stmt"/>
        <line num="122" count="1" type="stmt"/>
        <line num="123" count="1" type="stmt"/>
        <line num="124" count="1" type="stmt"/>
        <line num="134" count="4" type="cond" truecount="0" falsecount="1"/>
        <line num="135" count="4" type="stmt"/>
        <line num="136" count="4" type="stmt"/>
        <line num="137" count="4" type="cond" truecount="0" falsecount="1"/>
        <line num="138" count="0" type="stmt"/>
        <line num="140" count="4" type="stmt"/>
        <line num="152" count="1" type="stmt"/>
        <line num="157" count="11" type="stmt"/>
        <line num="158" count="11" type="stmt"/>
        <line num="159" count="11" type="cond" truecount="2" falsecount="1"/>
        <line num="160" count="0" type="stmt"/>
        <line num="168" count="19" type="stmt"/>
        <line num="169" count="19" type="cond" truecount="1" falsecount="0"/>
        <line num="170" count="3" type="stmt"/>
        <line num="178" count="4" type="stmt"/>
        <line num="185" count="3" type="stmt"/>
        <line num="192" count="11" type="stmt"/>
        <line num="199" count="5" type="stmt"/>
        <line num="202" count="5" type="stmt"/>
        <line num="203" count="6" type="cond" truecount="1" falsecount="0"/>
        <line num="204" count="6" type="stmt"/>
        <line num="208" count="5" type="stmt"/>
        <line num="215" count="2" type="stmt"/>
        <line num="216" count="3" type="stmt"/>
        <line num="218" count="2" type="stmt"/>
        <line num="219" count="3" type="stmt"/>
        <line num="220" count="3" type="cond" truecount="1" falsecount="0"/>
        <line num="221" count="3" type="stmt"/>
        <line num="225" count="2" type="stmt"/>
        <line num="232" count="1" type="stmt"/>
        <line num="233" count="1" type="cond" truecount="0" falsecount="1"/>
        <line num="234" count="0" type="stmt"/>
        <line num="242" count="0" type="cond" truecount="0" falsecount="1"/>
        <line num="243" count="0" type="stmt"/>
        <line num="244" count="0" type="stmt"/>
        <line num="245" count="0" type="stmt"/>
        <line num="255" count="3" type="cond" truecount="0" falsecount="1"/>
        <line num="256" count="3" type="stmt"/>
        <line num="257" count="3" type="cond" truecount="0" falsecount="1"/>
        <line num="258" count="0" type="stmt"/>
        <line num="260" count="3" type="stmt"/>
        <line num="267" count="0" type="stmt"/>
        <line num="277" count="1" type="stmt"/>
        <line num="282" count="2" type="stmt"/>
        <line num="283" count="2" type="stmt"/>
        <line num="290" count="2" type="stmt"/>
        <line num="291" count="2" type="stmt"/>
        <line num="298" count="1" type="stmt"/>
        <line num="305" count="1" type="stmt"/>
        <line num="312" count="1" type="stmt"/>
      </file>
    </package>
  </project>
</coverage>
