{"/Users/quy.doan/Workspace/personal/pi-me/core-tools/task-orchestration/src/core/dependency.ts": {"path":"/Users/quy.doan/Workspace/personal/pi-me/core-tools/task-orchestration/src/core/dependency.ts","statementMap":{"0":{"start":{"line":5,"column":0},"end":{"line":5,"column":33}},"1":{"start":{"line":10,"column":20},"end":{"line":10,"column":49}},"2":{"start":{"line":10,"column":43},"end":{"line":10,"column":47}},"3":{"start":{"line":11,"column":4},"end":{"line":18,"column":5}},"4":{"start":{"line":12,"column":24},"end":{"line":12,"column":44}},"5":{"start":{"line":13,"column":6},"end":{"line":17,"column":7}},"6":{"start":{"line":14,"column":8},"end":{"line":16,"column":9}},"7":{"start":{"line":15,"column":10},"end":{"line":15,"column":77}},"8":{"start":{"line":20,"column":21},"end":{"line":20,"column":53}},"9":{"start":{"line":21,"column":16},"end":{"line":21,"column":37}},"10":{"start":{"line":23,"column":4},"end":{"line":27,"column":5}},"11":{"start":{"line":24,"column":6},"end":{"line":24,"column":21}},"12":{"start":{"line":26,"column":6},"end":{"line":26,"column":78}},"13":{"start":{"line":29,"column":4},"end":{"line":29,"column":15}},"14":{"start":{"line":33,"column":21},"end":{"line":33,"column":47}},"15":{"start":{"line":33,"column":37},"end":{"line":33,"column":45}},"16":{"start":{"line":35,"column":4},"end":{"line":85,"column":5}},"17":{"start":{"line":36,"column":6},"end":{"line":38,"column":7}},"18":{"start":{"line":37,"column":8},"end":{"line":37,"column":28}},"19":{"start":{"line":41,"column":6},"end":{"line":60,"column":7}},"20":{"start":{"line":42,"column":31},"end":{"line":43,"column":null}},"21":{"start":{"line":43,"column":15},"end":{"line":43,"column":57}},"22":{"start":{"line":46,"column":8},"end":{"line":51,"column":11}},"23":{"start":{"line":47,"column":25},"end":{"line":47,"column":60}},"24":{"start":{"line":48,"column":25},"end":{"line":48,"column":60}},"25":{"start":{"line":49,"column":10},"end":{"line":49,"column":56}},"26":{"start":{"line":49,"column":33},"end":{"line":49,"column":56}},"27":{"start":{"line":50,"column":10},"end":{"line":50,"column":53}},"28":{"start":{"line":53,"column":24},"end":{"line":53,"column":71}},"29":{"start":{"line":53,"column":54},"end":{"line":53,"column":70}},"30":{"start":{"line":54,"column":8},"end":{"line":59,"column":9}},"31":{"start":{"line":55,"column":30},"end":{"line":55,"column":57}},"32":{"start":{"line":56,"column":10},"end":{"line":58,"column":11}},"33":{"start":{"line":57,"column":12},"end":{"line":57,"column":48}},"34":{"start":{"line":63,"column":6},"end":{"line":82,"column":7}},"35":{"start":{"line":64,"column":26},"end":{"line":64,"column":44}},"36":{"start":{"line":65,"column":28},"end":{"line":69,"column":null}},"37":{"start":{"line":67,"column":12},"end":{"line":69,"column":28}},"38":{"start":{"line":72,"column":8},"end":{"line":81,"column":9}},"39":{"start":{"line":73,"column":27},"end":{"line":77,"column":12}},"40":{"start":{"line":74,"column":27},"end":{"line":74,"column":47}},"41":{"start":{"line":75,"column":27},"end":{"line":75,"column":47}},"42":{"start":{"line":76,"column":12},"end":{"line":76,"column":43}},"43":{"start":{"line":78,"column":10},"end":{"line":80,"column":11}},"44":{"start":{"line":79,"column":12},"end":{"line":79,"column":45}},"45":{"start":{"line":84,"column":6},"end":{"line":84,"column":52}},"46":{"start":{"line":87,"column":4},"end":{"line":87,"column":20}},"47":{"start":{"line":91,"column":27},"end":{"line":91,"column":29}},"48":{"start":{"line":92,"column":17},"end":{"line":92,"column":77}},"49":{"start":{"line":94,"column":4},"end":{"line":106,"column":5}},"50":{"start":{"line":95,"column":23},"end":{"line":98,"column":null}},"51":{"start":{"line":97,"column":10},"end":{"line":98,"column":58}},"52":{"start":{"line":101,"column":6},"end":{"line":105,"column":7}},"53":{"start":{"line":102,"column":8},"end":{"line":104,"column":9}},"54":{"start":{"line":103,"column":10},"end":{"line":103,"column":30}},"55":{"start":{"line":108,"column":4},"end":{"line":108,"column":16}},"56":{"start":{"line":115,"column":4},"end":{"line":119,"column":5}},"57":{"start":{"line":116,"column":6},"end":{"line":118,"column":7}},"58":{"start":{"line":117,"column":8},"end":{"line":117,"column":58}},"59":{"start":{"line":121,"column":4},"end":{"line":121,"column":21}},"60":{"start":{"line":8,"column":0},"end":{"line":8,"column":13}}},"fnMap":{"0":{"name":"(anonymous_0)","decl":{"start":{"line":9,"column":2},"end":{"line":9,"column":7}},"loc":{"start":{"line":9,"column":21},"end":{"line":30,"column":3}}},"1":{"name":"(anonymous_1)","decl":{"start":{"line":10,"column":38},"end":{"line":10,"column":39}},"loc":{"start":{"line":10,"column":43},"end":{"line":10,"column":47}}},"2":{"name":"(anonymous_2)","decl":{"start":{"line":32,"column":10},"end":{"line":32,"column":30}},"loc":{"start":{"line":32,"column":44},"end":{"line":88,"column":3}}},"3":{"name":"(anonymous_3)","decl":{"start":{"line":33,"column":31},"end":{"line":33,"column":32}},"loc":{"start":{"line":33,"column":37},"end":{"line":33,"column":45}}},"4":{"name":"(anonymous_4)","decl":{"start":{"line":43,"column":10},"end":{"line":43,"column":11}},"loc":{"start":{"line":43,"column":15},"end":{"line":43,"column":57}}},"5":{"name":"(anonymous_5)","decl":{"start":{"line":46,"column":28},"end":{"line":46,"column":29}},"loc":{"start":{"line":46,"column":37},"end":{"line":51,"column":9}}},"6":{"name":"(anonymous_6)","decl":{"start":{"line":53,"column":49},"end":{"line":53,"column":50}},"loc":{"start":{"line":53,"column":54},"end":{"line":53,"column":70}}},"7":{"name":"(anonymous_7)","decl":{"start":{"line":66,"column":10},"end":{"line":66,"column":11}},"loc":{"start":{"line":67,"column":12},"end":{"line":69,"column":28}}},"8":{"name":"(anonymous_8)","decl":{"start":{"line":73,"column":46},"end":{"line":73,"column":47}},"loc":{"start":{"line":73,"column":55},"end":{"line":77,"column":11}}},"9":{"name":"(anonymous_9)","decl":{"start":{"line":90,"column":2},"end":{"line":90,"column":25}},"loc":{"start":{"line":90,"column":65},"end":{"line":109,"column":3}}},"10":{"name":"(anonymous_10)","decl":{"start":{"line":96,"column":8},"end":{"line":96,"column":9}},"loc":{"start":{"line":97,"column":10},"end":{"line":98,"column":58}}},"11":{"name":"(anonymous_11)","decl":{"start":{"line":111,"column":2},"end":{"line":111,"column":17}},"loc":{"start":{"line":113,"column":25},"end":{"line":122,"column":3}}}},"branchMap":{"0":{"loc":{"start":{"line":12,"column":24},"end":{"line":12,"column":44}},"type":"binary-expr","locations":[{"start":{"line":12,"column":24},"end":{"line":12,"column":38}},{"start":{"line":12,"column":42},"end":{"line":12,"column":44}}]},"1":{"loc":{"start":{"line":14,"column":8},"end":{"line":16,"column":9}},"type":"if","locations":[{"start":{"line":14,"column":8},"end":{"line":16,"column":9}}]},"2":{"loc":{"start":{"line":36,"column":6},"end":{"line":38,"column":7}},"type":"if","locations":[{"start":{"line":36,"column":6},"end":{"line":38,"column":7}}]},"3":{"loc":{"start":{"line":41,"column":6},"end":{"line":60,"column":7}},"type":"if","locations":[{"start":{"line":41,"column":6},"end":{"line":60,"column":7}}]},"4":{"loc":{"start":{"line":43,"column":15},"end":{"line":43,"column":57}},"type":"binary-expr","locations":[{"start":{"line":43,"column":15},"end":{"line":43,"column":37}},{"start":{"line":43,"column":41},"end":{"line":43,"column":57}}]},"5":{"loc":{"start":{"line":47,"column":25},"end":{"line":47,"column":60}},"type":"binary-expr","locations":[{"start":{"line":47,"column":25},"end":{"line":47,"column":40}},{"start":{"line":47,"column":44},"end":{"line":47,"column":60}}]},"6":{"loc":{"start":{"line":48,"column":25},"end":{"line":48,"column":60}},"type":"binary-expr","locations":[{"start":{"line":48,"column":25},"end":{"line":48,"column":40}},{"start":{"line":48,"column":44},"end":{"line":48,"column":60}}]},"7":{"loc":{"start":{"line":49,"column":10},"end":{"line":49,"column":56}},"type":"if","locations":[{"start":{"line":49,"column":10},"end":{"line":49,"column":56}}]},"8":{"loc":{"start":{"line":54,"column":8},"end":{"line":59,"column":9}},"type":"if","locations":[{"start":{"line":54,"column":8},"end":{"line":59,"column":9}}]},"9":{"loc":{"start":{"line":56,"column":10},"end":{"line":58,"column":11}},"type":"if","locations":[{"start":{"line":56,"column":10},"end":{"line":58,"column":11}}]},"10":{"loc":{"start":{"line":56,"column":14},"end":{"line":56,"column":69}},"type":"binary-expr","locations":[{"start":{"line":56,"column":14},"end":{"line":56,"column":25}},{"start":{"line":56,"column":29},"end":{"line":56,"column":69}}]},"11":{"loc":{"start":{"line":63,"column":6},"end":{"line":82,"column":7}},"type":"if","locations":[{"start":{"line":63,"column":6},"end":{"line":82,"column":7}}]},"12":{"loc":{"start":{"line":67,"column":12},"end":{"line":69,"column":28}},"type":"binary-expr","locations":[{"start":{"line":67,"column":12},"end":{"line":67,"column":41}},{"start":{"line":68,"column":12},"end":{"line":68,"column":39}},{"start":{"line":69,"column":12},"end":{"line":69,"column":28}}]},"13":{"loc":{"start":{"line":72,"column":8},"end":{"line":81,"column":9}},"type":"if","locations":[{"start":{"line":72,"column":8},"end":{"line":81,"column":9}}]},"14":{"loc":{"start":{"line":74,"column":27},"end":{"line":74,"column":47}},"type":"binary-expr","locations":[{"start":{"line":74,"column":27},"end":{"line":74,"column":42}},{"start":{"line":74,"column":46},"end":{"line":74,"column":47}}]},"15":{"loc":{"start":{"line":75,"column":27},"end":{"line":75,"column":47}},"type":"binary-expr","locations":[{"start":{"line":75,"column":27},"end":{"line":75,"column":42}},{"start":{"line":75,"column":46},"end":{"line":75,"column":47}}]},"16":{"loc":{"start":{"line":76,"column":19},"end":{"line":76,"column":42}},"type":"cond-expr","locations":[{"start":{"line":76,"column":37},"end":{"line":76,"column":38}},{"start":{"line":76,"column":41},"end":{"line":76,"column":42}}]},"17":{"loc":{"start":{"line":78,"column":10},"end":{"line":80,"column":11}},"type":"if","locations":[{"start":{"line":78,"column":10},"end":{"line":80,"column":11}}]},"18":{"loc":{"start":{"line":78,"column":14},"end":{"line":78,"column":63}},"type":"binary-expr","locations":[{"start":{"line":78,"column":14},"end":{"line":78,"column":22}},{"start":{"line":78,"column":26},"end":{"line":78,"column":63}}]},"19":{"loc":{"start":{"line":92,"column":17},"end":{"line":92,"column":77}},"type":"binary-expr","locations":[{"start":{"line":92,"column":17},"end":{"line":92,"column":71}},{"start":{"line":92,"column":75},"end":{"line":92,"column":77}}]},"20":{"loc":{"start":{"line":97,"column":10},"end":{"line":98,"column":58}},"type":"binary-expr","locations":[{"start":{"line":97,"column":10},"end":{"line":97,"column":30}},{"start":{"line":98,"column":10},"end":{"line":98,"column":58}}]},"21":{"loc":{"start":{"line":102,"column":8},"end":{"line":104,"column":9}},"type":"if","locations":[{"start":{"line":102,"column":8},"end":{"line":104,"column":9}}]},"22":{"loc":{"start":{"line":115,"column":4},"end":{"line":119,"column":5}},"type":"if","locations":[{"start":{"line":115,"column":4},"end":{"line":119,"column":5}}]},"23":{"loc":{"start":{"line":116,"column":6},"end":{"line":118,"column":7}},"type":"if","locations":[{"start":{"line":116,"column":6},"end":{"line":118,"column":7}}]}},"s":{"0":1,"1":11,"2":29,"3":11,"4":29,"5":29,"6":14,"7":1,"8":11,"9":11,"10":11,"11":11,"12":2,"13":9,"14":11,"15":29,"16":11,"17":29,"18":11,"19":29,"20":9,"21":29,"22":9,"23":0,"24":0,"25":0,"26":0,"27":0,"28":9,"29":8,"30":9,"31":0,"32":0,"33":0,"34":29,"35":3,"36":3,"37":9,"38":3,"39":2,"40":1,"41":1,"42":1,"43":2,"44":2,"45":29,"46":11,"47":1,"48":1,"49":1,"50":1,"51":2,"52":1,"53":2,"54":2,"55":1,"56":2,"57":1,"58":1,"59":1,"60":1},"f":{"0":11,"1":29,"2":11,"3":29,"4":29,"5":0,"6":8,"7":9,"8":1,"9":1,"10":2,"11":2},"b":{"0":[29,11],"1":[1],"2":[11],"3":[9],"4":[29,17],"5":[0,0],"6":[0,0],"7":[0],"8":[0],"9":[0],"10":[0,0],"11":[3],"12":[9,9,3],"13":[2],"14":[1,0],"15":[1,0],"16":[0,1],"17":[2],"18":[2,2],"19":[1,0],"20":[2,0],"21":[2],"22":[1],"23":[1]}}
,"/Users/quy.doan/Workspace/personal/pi-me/core-tools/task-orchestration/src/core/task.ts": {"path":"/Users/quy.doan/Workspace/personal/pi-me/core-tools/task-orchestration/src/core/task.ts","statementMap":{"0":{"start":{"line":213,"column":0},"end":{"line":213,"column":16}},"1":{"start":{"line":230,"column":0},"end":{"line":230,"column":16}},"2":{"start":{"line":237,"column":0},"end":{"line":237,"column":16}},"3":{"start":{"line":244,"column":0},"end":{"line":244,"column":16}},"4":{"start":{"line":251,"column":0},"end":{"line":251,"column":16}},"5":{"start":{"line":27,"column":4},"end":{"line":27,"column":52}},"6":{"start":{"line":27,"column":40},"end":{"line":27,"column":49}},"7":{"start":{"line":28,"column":4},"end":{"line":28,"column":34}},"8":{"start":{"line":29,"column":4},"end":{"line":29,"column":32}},"9":{"start":{"line":32,"column":4},"end":{"line":35,"column":5}},"10":{"start":{"line":33,"column":6},"end":{"line":33,"column":68}},"11":{"start":{"line":34,"column":6},"end":{"line":34,"column":46}},"12":{"start":{"line":38,"column":4},"end":{"line":45,"column":5}},"13":{"start":{"line":39,"column":24},"end":{"line":39,"column":44}},"14":{"start":{"line":40,"column":6},"end":{"line":44,"column":7}},"15":{"start":{"line":41,"column":8},"end":{"line":43,"column":9}},"16":{"start":{"line":42,"column":10},"end":{"line":42,"column":51}},"17":{"start":{"line":56,"column":18},"end":{"line":56,"column":19}},"18":{"start":{"line":57,"column":17},"end":{"line":57,"column":18}},"19":{"start":{"line":58,"column":18},"end":{"line":58,"column":19}},"20":{"start":{"line":60,"column":19},"end":{"line":60,"column":44}},"21":{"start":{"line":61,"column":27},"end":{"line":61,"column":29}},"22":{"start":{"line":64,"column":4},"end":{"line":66,"column":5}},"23":{"start":{"line":65,"column":6},"end":{"line":65,"column":32}},"24":{"start":{"line":68,"column":18},"end":{"line":90,"column":5}},"25":{"start":{"line":69,"column":6},"end":{"line":69,"column":31}},"26":{"start":{"line":70,"column":6},"end":{"line":70,"column":24}},"27":{"start":{"line":72,"column":19},"end":{"line":72,"column":61}},"28":{"start":{"line":73,"column":6},"end":{"line":86,"column":7}},"29":{"start":{"line":74,"column":22},"end":{"line":74,"column":48}},"30":{"start":{"line":76,"column":8},"end":{"line":81,"column":9}},"31":{"start":{"line":78,"column":29},"end":{"line":78,"column":48}},"32":{"start":{"line":79,"column":24},"end":{"line":79,"column":46}},"33":{"start":{"line":80,"column":10},"end":{"line":80,"column":77}},"34":{"start":{"line":83,"column":8},"end":{"line":85,"column":9}},"35":{"start":{"line":84,"column":10},"end":{"line":84,"column":23}},"36":{"start":{"line":88,"column":6},"end":{"line":88,"column":17}},"37":{"start":{"line":89,"column":6},"end":{"line":89,"column":32}},"38":{"start":{"line":93,"column":4},"end":{"line":97,"column":5}},"39":{"start":{"line":94,"column":6},"end":{"line":96,"column":7}},"40":{"start":{"line":95,"column":8},"end":{"line":95,"column":22}},"41":{"start":{"line":111,"column":4},"end":{"line":115,"column":5}},"42":{"start":{"line":112,"column":6},"end":{"line":112,"column":22}},"43":{"start":{"line":114,"column":6},"end":{"line":114,"column":62}},"44":{"start":{"line":117,"column":32},"end":{"line":117,"column":34}},"45":{"start":{"line":118,"column":20},"end":{"line":118,"column":37}},"46":{"start":{"line":120,"column":4},"end":{"line":142,"column":5}},"47":{"start":{"line":122,"column":30},"end":{"line":122,"column":32}},"48":{"start":{"line":124,"column":6},"end":{"line":133,"column":7}},"49":{"start":{"line":125,"column":8},"end":{"line":125,"column":42}},"50":{"start":{"line":125,"column":33},"end":{"line":125,"column":42}},"51":{"start":{"line":127,"column":21},"end":{"line":127,"column":63}},"52":{"start":{"line":128,"column":31},"end":{"line":128,"column":74}},"53":{"start":{"line":128,"column":59},"end":{"line":128,"column":73}},"54":{"start":{"line":130,"column":8},"end":{"line":132,"column":9}},"55":{"start":{"line":131,"column":10},"end":{"line":131,"column":29}},"56":{"start":{"line":135,"column":6},"end":{"line":138,"column":7}},"57":{"start":{"line":137,"column":8},"end":{"line":137,"column":71}},"58":{"start":{"line":140,"column":6},"end":{"line":140,"column":26}},"59":{"start":{"line":141,"column":6},"end":{"line":141,"column":41}},"60":{"start":{"line":141,"column":25},"end":{"line":141,"column":39}},"61":{"start":{"line":144,"column":4},"end":{"line":144,"column":19}},"62":{"start":{"line":154,"column":30},"end":{"line":154,"column":32}},"63":{"start":{"line":156,"column":4},"end":{"line":163,"column":5}},"64":{"start":{"line":157,"column":6},"end":{"line":157,"column":53}},"65":{"start":{"line":157,"column":44},"end":{"line":157,"column":53}},"66":{"start":{"line":159,"column":19},"end":{"line":159,"column":62}},"67":{"start":{"line":160,"column":6},"end":{"line":162,"column":7}},"68":{"start":{"line":161,"column":8},"end":{"line":161,"column":29}},"69":{"start":{"line":165,"column":4},"end":{"line":165,"column":21}},"70":{"start":{"line":172,"column":4},"end":{"line":172,"column":76}},"71":{"start":{"line":172,"column":55},"end":{"line":172,"column":74}},"72":{"start":{"line":179,"column":4},"end":{"line":179,"column":30}},"73":{"start":{"line":186,"column":4},"end":{"line":186,"column":43}},"74":{"start":{"line":193,"column":19},"end":{"line":193,"column":61}},"75":{"start":{"line":194,"column":4},"end":{"line":196,"column":49}},"76":{"start":{"line":195,"column":17},"end":{"line":195,"column":35}},"77":{"start":{"line":196,"column":32},"end":{"line":196,"column":47}},"78":{"start":{"line":203,"column":19},"end":{"line":203,"column":59}},"79":{"start":{"line":204,"column":4},"end":{"line":206,"column":49}},"80":{"start":{"line":205,"column":17},"end":{"line":205,"column":35}},"81":{"start":{"line":206,"column":32},"end":{"line":206,"column":47}},"82":{"start":{"line":21,"column":0},"end":{"line":21,"column":13}},"83":{"start":{"line":214,"column":14},"end":{"line":214,"column":38}},"84":{"start":{"line":215,"column":2},"end":{"line":224,"column":4}},"85":{"start":{"line":231,"column":2},"end":{"line":231,"column":66}},"86":{"start":{"line":238,"column":2},"end":{"line":238,"column":34}},"87":{"start":{"line":245,"column":2},"end":{"line":245,"column":39}},"88":{"start":{"line":252,"column":2},"end":{"line":252,"column":35}}},"fnMap":{"0":{"name":"(anonymous_0)","decl":{"start":{"line":26,"column":2},"end":{"line":26,"column":14}},"loc":{"start":{"line":26,"column":27},"end":{"line":46,"column":3}}},"1":{"name":"(anonymous_1)","decl":{"start":{"line":27,"column":35},"end":{"line":27,"column":36}},"loc":{"start":{"line":27,"column":40},"end":{"line":27,"column":49}}},"2":{"name":"(anonymous_2)","decl":{"start":{"line":55,"column":2},"end":{"line":55,"column":10}},"loc":{"start":{"line":55,"column":10},"end":{"line":98,"column":3}}},"3":{"name":"(anonymous_3)","decl":{"start":{"line":68,"column":18},"end":{"line":68,"column":19}},"loc":{"start":{"line":68,"column":43},"end":{"line":90,"column":5}}},"4":{"name":"(anonymous_4)","decl":{"start":{"line":109,"column":2},"end":{"line":109,"column":17}},"loc":{"start":{"line":109,"column":17},"end":{"line":145,"column":3}}},"5":{"name":"(anonymous_5)","decl":{"start":{"line":128,"column":54},"end":{"line":128,"column":55}},"loc":{"start":{"line":128,"column":59},"end":{"line":128,"column":73}}},"6":{"name":"(anonymous_6)","decl":{"start":{"line":141,"column":20},"end":{"line":141,"column":21}},"loc":{"start":{"line":141,"column":25},"end":{"line":141,"column":39}}},"7":{"name":"(anonymous_7)","decl":{"start":{"line":153,"column":2},"end":{"line":153,"column":14}},"loc":{"start":{"line":153,"column":34},"end":{"line":166,"column":3}}},"8":{"name":"(anonymous_8)","decl":{"start":{"line":171,"column":2},"end":{"line":171,"column":13}},"loc":{"start":{"line":171,"column":32},"end":{"line":173,"column":3}}},"9":{"name":"(anonymous_9)","decl":{"start":{"line":172,"column":50},"end":{"line":172,"column":51}},"loc":{"start":{"line":172,"column":55},"end":{"line":172,"column":74}}},"10":{"name":"(anonymous_10)","decl":{"start":{"line":178,"column":2},"end":{"line":178,"column":9}},"loc":{"start":{"line":178,"column":20},"end":{"line":180,"column":3}}},"11":{"name":"(anonymous_11)","decl":{"start":{"line":185,"column":2},"end":{"line":185,"column":13}},"loc":{"start":{"line":185,"column":13},"end":{"line":187,"column":3}}},"12":{"name":"(anonymous_12)","decl":{"start":{"line":192,"column":2},"end":{"line":192,"column":17}},"loc":{"start":{"line":192,"column":32},"end":{"line":197,"column":3}}},"13":{"name":"(anonymous_13)","decl":{"start":{"line":195,"column":11},"end":{"line":195,"column":13}},"loc":{"start":{"line":195,"column":17},"end":{"line":195,"column":35}}},"14":{"name":"(anonymous_14)","decl":{"start":{"line":196,"column":14},"end":{"line":196,"column":15}},"loc":{"start":{"line":196,"column":32},"end":{"line":196,"column":47}}},"15":{"name":"(anonymous_15)","decl":{"start":{"line":202,"column":2},"end":{"line":202,"column":15}},"loc":{"start":{"line":202,"column":30},"end":{"line":207,"column":3}}},"16":{"name":"(anonymous_16)","decl":{"start":{"line":205,"column":11},"end":{"line":205,"column":13}},"loc":{"start":{"line":205,"column":17},"end":{"line":205,"column":35}}},"17":{"name":"(anonymous_17)","decl":{"start":{"line":206,"column":14},"end":{"line":206,"column":15}},"loc":{"start":{"line":206,"column":32},"end":{"line":206,"column":47}}},"18":{"name":"createTask","decl":{"start":{"line":213,"column":16},"end":{"line":213,"column":26}},"loc":{"start":{"line":213,"column":56},"end":{"line":225,"column":1}}},"19":{"name":"isCompleted","decl":{"start":{"line":230,"column":16},"end":{"line":230,"column":27}},"loc":{"start":{"line":230,"column":38},"end":{"line":232,"column":1}}},"20":{"name":"isFailed","decl":{"start":{"line":237,"column":16},"end":{"line":237,"column":24}},"loc":{"start":{"line":237,"column":35},"end":{"line":239,"column":1}}},"21":{"name":"isRunning","decl":{"start":{"line":244,"column":16},"end":{"line":244,"column":25}},"loc":{"start":{"line":244,"column":36},"end":{"line":246,"column":1}}},"22":{"name":"isPending","decl":{"start":{"line":251,"column":16},"end":{"line":251,"column":25}},"loc":{"start":{"line":251,"column":36},"end":{"line":253,"column":1}}}},"branchMap":{"0":{"loc":{"start":{"line":33,"column":45},"end":{"line":33,"column":65}},"type":"binary-expr","locations":[{"start":{"line":33,"column":45},"end":{"line":33,"column":59}},{"start":{"line":33,"column":63},"end":{"line":33,"column":65}}]},"1":{"loc":{"start":{"line":39,"column":24},"end":{"line":39,"column":44}},"type":"binary-expr","locations":[{"start":{"line":39,"column":24},"end":{"line":39,"column":38}},{"start":{"line":39,"column":42},"end":{"line":39,"column":44}}]},"2":{"loc":{"start":{"line":41,"column":8},"end":{"line":43,"column":9}},"type":"if","locations":[{"start":{"line":41,"column":8},"end":{"line":43,"column":9}}]},"3":{"loc":{"start":{"line":72,"column":19},"end":{"line":72,"column":61}},"type":"binary-expr","locations":[{"start":{"line":72,"column":19},"end":{"line":72,"column":48}},{"start":{"line":72,"column":52},"end":{"line":72,"column":61}}]},"4":{"loc":{"start":{"line":74,"column":22},"end":{"line":74,"column":48}},"type":"binary-expr","locations":[{"start":{"line":74,"column":22},"end":{"line":74,"column":39}},{"start":{"line":74,"column":43},"end":{"line":74,"column":48}}]},"5":{"loc":{"start":{"line":76,"column":8},"end":{"line":81,"column":9}},"type":"if","locations":[{"start":{"line":76,"column":8},"end":{"line":81,"column":9}}]},"6":{"loc":{"start":{"line":83,"column":8},"end":{"line":85,"column":9}},"type":"if","locations":[{"start":{"line":83,"column":8},"end":{"line":85,"column":9}}]},"7":{"loc":{"start":{"line":94,"column":6},"end":{"line":96,"column":7}},"type":"if","locations":[{"start":{"line":94,"column":6},"end":{"line":96,"column":7}}]},"8":{"loc":{"start":{"line":125,"column":8},"end":{"line":125,"column":42}},"type":"if","locations":[{"start":{"line":125,"column":8},"end":{"line":125,"column":42}}]},"9":{"loc":{"start":{"line":127,"column":21},"end":{"line":127,"column":63}},"type":"binary-expr","locations":[{"start":{"line":127,"column":21},"end":{"line":127,"column":50}},{"start":{"line":127,"column":54},"end":{"line":127,"column":63}}]},"10":{"loc":{"start":{"line":130,"column":8},"end":{"line":132,"column":9}},"type":"if","locations":[{"start":{"line":130,"column":8},"end":{"line":132,"column":9}}]},"11":{"loc":{"start":{"line":135,"column":6},"end":{"line":138,"column":7}},"type":"if","locations":[{"start":{"line":135,"column":6},"end":{"line":138,"column":7}}]},"12":{"loc":{"start":{"line":157,"column":6},"end":{"line":157,"column":53}},"type":"if","locations":[{"start":{"line":157,"column":6},"end":{"line":157,"column":53}}]},"13":{"loc":{"start":{"line":157,"column":10},"end":{"line":157,"column":42}},"type":"binary-expr","locations":[{"start":{"line":157,"column":10},"end":{"line":157,"column":16}},{"start":{"line":157,"column":20},"end":{"line":157,"column":42}}]},"14":{"loc":{"start":{"line":159,"column":19},"end":{"line":159,"column":62}},"type":"binary-expr","locations":[{"start":{"line":159,"column":19},"end":{"line":159,"column":49}},{"start":{"line":159,"column":53},"end":{"line":159,"column":62}}]},"15":{"loc":{"start":{"line":160,"column":6},"end":{"line":162,"column":7}},"type":"if","locations":[{"start":{"line":160,"column":6},"end":{"line":162,"column":7}}]},"16":{"loc":{"start":{"line":193,"column":19},"end":{"line":193,"column":61}},"type":"binary-expr","locations":[{"start":{"line":193,"column":19},"end":{"line":193,"column":48}},{"start":{"line":193,"column":52},"end":{"line":193,"column":61}}]},"17":{"loc":{"start":{"line":203,"column":19},"end":{"line":203,"column":59}},"type":"binary-expr","locations":[{"start":{"line":203,"column":19},"end":{"line":203,"column":46}},{"start":{"line":203,"column":50},"end":{"line":203,"column":59}}]},"18":{"loc":{"start":{"line":213,"column":27},"end":{"line":213,"column":56}},"type":"default-arg","locations":[{"start":{"line":213,"column":54},"end":{"line":213,"column":56}}]},"19":{"loc":{"start":{"line":216,"column":8},"end":{"line":216,"column":44}},"type":"binary-expr","locations":[{"start":{"line":216,"column":8},"end":{"line":216,"column":20}},{"start":{"line":216,"column":24},"end":{"line":216,"column":44}}]},"20":{"loc":{"start":{"line":217,"column":10},"end":{"line":217,"column":30}},"type":"binary-expr","locations":[{"start":{"line":217,"column":10},"end":{"line":217,"column":24}},{"start":{"line":217,"column":28},"end":{"line":217,"column":30}}]},"21":{"loc":{"start":{"line":218,"column":13},"end":{"line":218,"column":42}},"type":"binary-expr","locations":[{"start":{"line":218,"column":13},"end":{"line":218,"column":29}},{"start":{"line":218,"column":33},"end":{"line":218,"column":42}}]},"22":{"loc":{"start":{"line":219,"column":15},"end":{"line":219,"column":41}},"type":"binary-expr","locations":[{"start":{"line":219,"column":15},"end":{"line":219,"column":34}},{"start":{"line":219,"column":38},"end":{"line":219,"column":41}}]},"23":{"loc":{"start":{"line":231,"column":9},"end":{"line":231,"column":65}},"type":"binary-expr","locations":[{"start":{"line":231,"column":9},"end":{"line":231,"column":36}},{"start":{"line":231,"column":40},"end":{"line":231,"column":65}}]}},"s":{"0":3,"1":3,"2":3,"3":3,"4":3,"5":39,"6":100,"7":39,"8":39,"9":39,"10":100,"11":100,"12":39,"13":100,"14":100,"15":55,"16":54,"17":32,"18":32,"19":32,"20":32,"21":32,"22":32,"23":92,"24":32,"25":93,"26":93,"27":93,"28":93,"29":56,"30":56,"31":6,"32":6,"33":6,"34":50,"35":15,"36":77,"37":77,"38":32,"39":82,"40":78,"41":13,"42":13,"43":0,"44":13,"45":13,"46":13,"47":32,"48":32,"49":118,"50":40,"51":78,"52":78,"53":62,"54":78,"55":43,"56":32,"57":0,"58":32,"59":32,"60":43,"61":13,"62":4,"63":4,"64":10,"65":2,"66":8,"67":8,"68":4,"69":4,"70":1,"71":2,"72":3,"73":4,"74":1,"75":1,"76":1,"77":1,"78":1,"79":1,"80":2,"81":2,"82":3,"83":141,"84":141,"85":3,"86":2,"87":2,"88":2},"f":{"0":39,"1":100,"2":32,"3":93,"4":13,"5":62,"6":43,"7":4,"8":1,"9":2,"10":3,"11":4,"12":1,"13":1,"14":1,"15":1,"16":2,"17":2,"18":141,"19":3,"20":2,"21":2,"22":2},"b":{"0":[100,12],"1":[100,12],"2":[54],"3":[93,1],"4":[56,1],"5":[6],"6":[15],"7":[78],"8":[40],"9":[78,0],"10":[43],"11":[0],"12":[2],"13":[10,5],"14":[8,0],"15":[4],"16":[1,0],"17":[1,0],"18":[0],"19":[141,9],"20":[141,12],"21":[141,113],"22":[141,141],"23":[3,2]}}
,"/Users/quy.doan/Workspace/personal/pi-me/core-tools/task-orchestration/src/persistence/state.ts": {"path":"/Users/quy.doan/Workspace/personal/pi-me/core-tools/task-orchestration/src/persistence/state.ts","statementMap":{"0":{"start":{"line":10,"column":0},"end":{"line":10,"column":25}},"1":{"start":{"line":11,"column":0},"end":{"line":11,"column":29}},"2":{"start":{"line":28,"column":4},"end":{"line":28,"column":27}},"3":{"start":{"line":29,"column":4},"end":{"line":29,"column":29}},"4":{"start":{"line":30,"column":4},"end":{"line":32,"column":5}},"5":{"start":{"line":31,"column":6},"end":{"line":31,"column":26}},"6":{"start":{"line":39,"column":4},"end":{"line":39,"column":34}},"7":{"start":{"line":40,"column":4},"end":{"line":42,"column":5}},"8":{"start":{"line":41,"column":6},"end":{"line":41,"column":33}},"9":{"start":{"line":49,"column":4},"end":{"line":49,"column":43}},"10":{"start":{"line":56,"column":4},"end":{"line":56,"column":30}},"11":{"start":{"line":63,"column":4},"end":{"line":63,"column":43}},"12":{"start":{"line":70,"column":4},"end":{"line":70,"column":53}},"13":{"start":{"line":77,"column":4},"end":{"line":77,"column":57}},"14":{"start":{"line":84,"column":4},"end":{"line":84,"column":76}},"15":{"start":{"line":84,"column":55},"end":{"line":84,"column":74}},"16":{"start":{"line":91,"column":17},"end":{"line":91,"column":35}},"17":{"start":{"line":92,"column":4},"end":{"line":95,"column":5}},"18":{"start":{"line":93,"column":6},"end":{"line":93,"column":44}},"19":{"start":{"line":94,"column":6},"end":{"line":94,"column":28}},"20":{"start":{"line":102,"column":4},"end":{"line":102,"column":40}},"21":{"start":{"line":102,"column":17},"end":{"line":102,"column":40}},"22":{"start":{"line":103,"column":4},"end":{"line":103,"column":51}},"23":{"start":{"line":110,"column":4},"end":{"line":110,"column":23}},"24":{"start":{"line":111,"column":4},"end":{"line":113,"column":5}},"25":{"start":{"line":112,"column":6},"end":{"line":112,"column":33}},"26":{"start":{"line":120,"column":4},"end":{"line":120,"column":31}},"27":{"start":{"line":120,"column":24},"end":{"line":120,"column":31}},"28":{"start":{"line":121,"column":4},"end":{"line":127,"column":5}},"29":{"start":{"line":122,"column":22},"end":{"line":122,"column":61}},"30":{"start":{"line":123,"column":28},"end":{"line":123,"column":47}},"31":{"start":{"line":124,"column":6},"end":{"line":124,"column":50}},"32":{"start":{"line":124,"column":25},"end":{"line":124,"column":48}},"33":{"start":{"line":134,"column":4},"end":{"line":134,"column":31}},"34":{"start":{"line":134,"column":24},"end":{"line":134,"column":31}},"35":{"start":{"line":135,"column":18},"end":{"line":135,"column":49}},"36":{"start":{"line":136,"column":16},"end":{"line":136,"column":43}},"37":{"start":{"line":137,"column":4},"end":{"line":139,"column":5}},"38":{"start":{"line":138,"column":6},"end":{"line":138,"column":45}},"39":{"start":{"line":140,"column":4},"end":{"line":140,"column":68}},"40":{"start":{"line":23,"column":0},"end":{"line":23,"column":13}},"41":{"start":{"line":157,"column":4},"end":{"line":157,"column":21}},"42":{"start":{"line":158,"column":4},"end":{"line":158,"column":29}},"43":{"start":{"line":159,"column":4},"end":{"line":161,"column":5}},"44":{"start":{"line":160,"column":6},"end":{"line":160,"column":26}},"45":{"start":{"line":168,"column":4},"end":{"line":168,"column":28}},"46":{"start":{"line":169,"column":4},"end":{"line":171,"column":5}},"47":{"start":{"line":170,"column":6},"end":{"line":170,"column":33}},"48":{"start":{"line":178,"column":4},"end":{"line":178,"column":28}},"49":{"start":{"line":185,"column":4},"end":{"line":185,"column":81}},"50":{"start":{"line":185,"column":35},"end":{"line":185,"column":79}},"51":{"start":{"line":192,"column":4},"end":{"line":192,"column":56}},"52":{"start":{"line":192,"column":35},"end":{"line":192,"column":54}},"53":{"start":{"line":199,"column":19},"end":{"line":199,"column":48}},"54":{"start":{"line":202,"column":4},"end":{"line":206,"column":5}},"55":{"start":{"line":203,"column":6},"end":{"line":205,"column":7}},"56":{"start":{"line":204,"column":8},"end":{"line":204,"column":26}},"57":{"start":{"line":208,"column":4},"end":{"line":208,"column":16}},"58":{"start":{"line":215,"column":18},"end":{"line":215,"column":41}},"59":{"start":{"line":216,"column":20},"end":{"line":216,"column":59}},"60":{"start":{"line":216,"column":49},"end":{"line":216,"column":57}},"61":{"start":{"line":218,"column":4},"end":{"line":223,"column":5}},"62":{"start":{"line":219,"column":19},"end":{"line":219,"column":49}},"63":{"start":{"line":220,"column":6},"end":{"line":222,"column":7}},"64":{"start":{"line":221,"column":8},"end":{"line":221,"column":32}},"65":{"start":{"line":225,"column":4},"end":{"line":225,"column":17}},"66":{"start":{"line":232,"column":4},"end":{"line":232,"column":21}},"67":{"start":{"line":233,"column":4},"end":{"line":235,"column":5}},"68":{"start":{"line":234,"column":6},"end":{"line":234,"column":33}},"69":{"start":{"line":242,"column":4},"end":{"line":242,"column":31}},"70":{"start":{"line":242,"column":24},"end":{"line":242,"column":31}},"71":{"start":{"line":243,"column":4},"end":{"line":248,"column":5}},"72":{"start":{"line":244,"column":22},"end":{"line":244,"column":61}},"73":{"start":{"line":245,"column":6},"end":{"line":245,"column":40}},"74":{"start":{"line":255,"column":4},"end":{"line":255,"column":31}},"75":{"start":{"line":255,"column":24},"end":{"line":255,"column":31}},"76":{"start":{"line":256,"column":16},"end":{"line":256,"column":43}},"77":{"start":{"line":257,"column":4},"end":{"line":259,"column":5}},"78":{"start":{"line":258,"column":6},"end":{"line":258,"column":45}},"79":{"start":{"line":260,"column":4},"end":{"line":260,"column":74}},"80":{"start":{"line":267,"column":4},"end":{"line":267,"column":30}},"81":{"start":{"line":152,"column":0},"end":{"line":152,"column":13}},"82":{"start":{"line":282,"column":4},"end":{"line":282,"column":42}},"83":{"start":{"line":283,"column":4},"end":{"line":283,"column":42}},"84":{"start":{"line":290,"column":4},"end":{"line":290,"column":32}},"85":{"start":{"line":291,"column":4},"end":{"line":291,"column":38}},"86":{"start":{"line":298,"column":4},"end":{"line":298,"column":22}},"87":{"start":{"line":305,"column":4},"end":{"line":305,"column":25}},"88":{"start":{"line":312,"column":4},"end":{"line":312,"column":42}},"89":{"start":{"line":277,"column":0},"end":{"line":277,"column":13}}},"fnMap":{"0":{"name":"(anonymous_9)","decl":{"start":{"line":27,"column":2},"end":{"line":27,"column":14}},"loc":{"start":{"line":27,"column":31},"end":{"line":33,"column":3}}},"1":{"name":"(anonymous_10)","decl":{"start":{"line":38,"column":2},"end":{"line":38,"column":7}},"loc":{"start":{"line":38,"column":23},"end":{"line":43,"column":3}}},"2":{"name":"(anonymous_11)","decl":{"start":{"line":48,"column":2},"end":{"line":48,"column":7}},"loc":{"start":{"line":48,"column":12},"end":{"line":50,"column":3}}},"3":{"name":"(anonymous_12)","decl":{"start":{"line":55,"column":2},"end":{"line":55,"column":7}},"loc":{"start":{"line":55,"column":22},"end":{"line":57,"column":3}}},"4":{"name":"(anonymous_13)","decl":{"start":{"line":62,"column":2},"end":{"line":62,"column":7}},"loc":{"start":{"line":62,"column":14},"end":{"line":64,"column":3}}},"5":{"name":"(anonymous_14)","decl":{"start":{"line":69,"column":2},"end":{"line":69,"column":7}},"loc":{"start":{"line":69,"column":18},"end":{"line":71,"column":3}}},"6":{"name":"(anonymous_15)","decl":{"start":{"line":76,"column":2},"end":{"line":76,"column":7}},"loc":{"start":{"line":76,"column":18},"end":{"line":78,"column":3}}},"7":{"name":"(anonymous_16)","decl":{"start":{"line":83,"column":2},"end":{"line":83,"column":7}},"loc":{"start":{"line":83,"column":38},"end":{"line":85,"column":3}}},"8":{"name":"(anonymous_17)","decl":{"start":{"line":84,"column":50},"end":{"line":84,"column":51}},"loc":{"start":{"line":84,"column":55},"end":{"line":84,"column":74}}},"9":{"name":"(anonymous_18)","decl":{"start":{"line":90,"column":2},"end":{"line":90,"column":7}},"loc":{"start":{"line":90,"column":25},"end":{"line":96,"column":3}}},"10":{"name":"(anonymous_19)","decl":{"start":{"line":101,"column":2},"end":{"line":101,"column":7}},"loc":{"start":{"line":101,"column":33},"end":{"line":104,"column":3}}},"11":{"name":"(anonymous_20)","decl":{"start":{"line":109,"column":2},"end":{"line":109,"column":7}},"loc":{"start":{"line":109,"column":13},"end":{"line":114,"column":3}}},"12":{"name":"(anonymous_21)","decl":{"start":{"line":119,"column":10},"end":{"line":119,"column":22}},"loc":{"start":{"line":119,"column":22},"end":{"line":128,"column":3}}},"13":{"name":"(anonymous_22)","decl":{"start":{"line":124,"column":20},"end":{"line":124,"column":21}},"loc":{"start":{"line":124,"column":25},"end":{"line":124,"column":48}}},"14":{"name":"(anonymous_23)","decl":{"start":{"line":133,"column":10},"end":{"line":133,"column":15}},"loc":{"start":{"line":133,"column":29},"end":{"line":141,"column":3}}},"15":{"name":"(anonymous_24)","decl":{"start":{"line":156,"column":2},"end":{"line":156,"column":14}},"loc":{"start":{"line":156,"column":31},"end":{"line":162,"column":3}}},"16":{"name":"(anonymous_25)","decl":{"start":{"line":167,"column":2},"end":{"line":167,"column":7}},"loc":{"start":{"line":167,"column":31},"end":{"line":172,"column":3}}},"17":{"name":"(anonymous_26)","decl":{"start":{"line":177,"column":2},"end":{"line":177,"column":7}},"loc":{"start":{"line":177,"column":14},"end":{"line":179,"column":3}}},"18":{"name":"(anonymous_27)","decl":{"start":{"line":184,"column":2},"end":{"line":184,"column":7}},"loc":{"start":{"line":184,"column":31},"end":{"line":186,"column":3}}},"19":{"name":"(anonymous_28)","decl":{"start":{"line":185,"column":30},"end":{"line":185,"column":31}},"loc":{"start":{"line":185,"column":35},"end":{"line":185,"column":79}}},"20":{"name":"(anonymous_29)","decl":{"start":{"line":191,"column":2},"end":{"line":191,"column":7}},"loc":{"start":{"line":191,"column":33},"end":{"line":193,"column":3}}},"21":{"name":"(anonymous_30)","decl":{"start":{"line":192,"column":30},"end":{"line":192,"column":31}},"loc":{"start":{"line":192,"column":35},"end":{"line":192,"column":54}}},"22":{"name":"(anonymous_31)","decl":{"start":{"line":198,"column":2},"end":{"line":198,"column":7}},"loc":{"start":{"line":198,"column":34},"end":{"line":209,"column":3}}},"23":{"name":"(anonymous_32)","decl":{"start":{"line":214,"column":2},"end":{"line":214,"column":7}},"loc":{"start":{"line":214,"column":22},"end":{"line":226,"column":3}}},"24":{"name":"(anonymous_33)","decl":{"start":{"line":216,"column":44},"end":{"line":216,"column":45}},"loc":{"start":{"line":216,"column":49},"end":{"line":216,"column":57}}},"25":{"name":"(anonymous_34)","decl":{"start":{"line":231,"column":2},"end":{"line":231,"column":7}},"loc":{"start":{"line":231,"column":13},"end":{"line":236,"column":3}}},"26":{"name":"(anonymous_35)","decl":{"start":{"line":241,"column":10},"end":{"line":241,"column":22}},"loc":{"start":{"line":241,"column":22},"end":{"line":249,"column":3}}},"27":{"name":"(anonymous_36)","decl":{"start":{"line":254,"column":10},"end":{"line":254,"column":15}},"loc":{"start":{"line":254,"column":29},"end":{"line":261,"column":3}}},"28":{"name":"(anonymous_37)","decl":{"start":{"line":266,"column":2},"end":{"line":266,"column":15}},"loc":{"start":{"line":266,"column":15},"end":{"line":268,"column":3}}},"29":{"name":"(anonymous_38)","decl":{"start":{"line":281,"column":2},"end":{"line":281,"column":14}},"loc":{"start":{"line":281,"column":50},"end":{"line":284,"column":3}}},"30":{"name":"(anonymous_39)","decl":{"start":{"line":289,"column":2},"end":{"line":289,"column":7}},"loc":{"start":{"line":289,"column":45},"end":{"line":292,"column":3}}},"31":{"name":"(anonymous_40)","decl":{"start":{"line":297,"column":2},"end":{"line":297,"column":10}},"loc":{"start":{"line":297,"column":10},"end":{"line":299,"column":3}}},"32":{"name":"(anonymous_41)","decl":{"start":{"line":304,"column":2},"end":{"line":304,"column":13}},"loc":{"start":{"line":304,"column":13},"end":{"line":306,"column":3}}},"33":{"name":"(anonymous_42)","decl":{"start":{"line":311,"column":2},"end":{"line":311,"column":7}},"loc":{"start":{"line":311,"column":19},"end":{"line":313,"column":3}}}},"branchMap":{"0":{"loc":{"start":{"line":30,"column":4},"end":{"line":32,"column":5}},"type":"if","locations":[{"start":{"line":30,"column":4},"end":{"line":32,"column":5}}]},"1":{"loc":{"start":{"line":30,"column":8},"end":{"line":30,"column":43}},"type":"binary-expr","locations":[{"start":{"line":30,"column":8},"end":{"line":30,"column":16}},{"start":{"line":30,"column":20},"end":{"line":30,"column":43}}]},"2":{"loc":{"start":{"line":40,"column":4},"end":{"line":42,"column":5}},"type":"if","locations":[{"start":{"line":40,"column":4},"end":{"line":42,"column":5}}]},"3":{"loc":{"start":{"line":92,"column":4},"end":{"line":95,"column":5}},"type":"if","locations":[{"start":{"line":92,"column":4},"end":{"line":95,"column":5}}]},"4":{"loc":{"start":{"line":102,"column":4},"end":{"line":102,"column":40}},"type":"if","locations":[{"start":{"line":102,"column":4},"end":{"line":102,"column":40}}]},"5":{"loc":{"start":{"line":111,"column":4},"end":{"line":113,"column":5}},"type":"if","locations":[{"start":{"line":111,"column":4},"end":{"line":113,"column":5}}]},"6":{"loc":{"start":{"line":120,"column":4},"end":{"line":120,"column":31}},"type":"if","locations":[{"start":{"line":120,"column":4},"end":{"line":120,"column":31}}]},"7":{"loc":{"start":{"line":134,"column":4},"end":{"line":134,"column":31}},"type":"if","locations":[{"start":{"line":134,"column":4},"end":{"line":134,"column":31}}]},"8":{"loc":{"start":{"line":137,"column":4},"end":{"line":139,"column":5}},"type":"if","locations":[{"start":{"line":137,"column":4},"end":{"line":139,"column":5}}]},"9":{"loc":{"start":{"line":159,"column":4},"end":{"line":161,"column":5}},"type":"if","locations":[{"start":{"line":159,"column":4},"end":{"line":161,"column":5}}]},"10":{"loc":{"start":{"line":159,"column":8},"end":{"line":159,"column":43}},"type":"binary-expr","locations":[{"start":{"line":159,"column":8},"end":{"line":159,"column":16}},{"start":{"line":159,"column":20},"end":{"line":159,"column":43}}]},"11":{"loc":{"start":{"line":169,"column":4},"end":{"line":171,"column":5}},"type":"if","locations":[{"start":{"line":169,"column":4},"end":{"line":171,"column":5}}]},"12":{"loc":{"start":{"line":203,"column":6},"end":{"line":205,"column":7}},"type":"if","locations":[{"start":{"line":203,"column":6},"end":{"line":205,"column":7}}]},"13":{"loc":{"start":{"line":220,"column":6},"end":{"line":222,"column":7}},"type":"if","locations":[{"start":{"line":220,"column":6},"end":{"line":222,"column":7}}]},"14":{"loc":{"start":{"line":233,"column":4},"end":{"line":235,"column":5}},"type":"if","locations":[{"start":{"line":233,"column":4},"end":{"line":235,"column":5}}]},"15":{"loc":{"start":{"line":242,"column":4},"end":{"line":242,"column":31}},"type":"if","locations":[{"start":{"line":242,"column":4},"end":{"line":242,"column":31}}]},"16":{"loc":{"start":{"line":255,"column":4},"end":{"line":255,"column":31}},"type":"if","locations":[{"start":{"line":255,"column":4},"end":{"line":255,"column":31}}]},"17":{"loc":{"start":{"line":257,"column":4},"end":{"line":259,"column":5}},"type":"if","locations":[{"start":{"line":257,"column":4},"end":{"line":259,"column":5}}]}},"s":{"0":1,"1":1,"2":13,"3":13,"4":13,"5":1,"6":22,"7":22,"8":4,"9":1,"10":5,"11":1,"12":1,"13":1,"14":4,"15":12,"16":1,"17":1,"18":1,"19":1,"20":2,"21":1,"22":1,"23":1,"24":1,"25":0,"26":1,"27":0,"28":1,"29":1,"30":1,"31":1,"32":1,"33":4,"34":0,"35":4,"36":4,"37":4,"38":0,"39":4,"40":1,"41":11,"42":11,"43":11,"44":0,"45":19,"46":19,"47":3,"48":4,"49":1,"50":3,"51":6,"52":11,"53":5,"54":5,"55":6,"56":6,"57":5,"58":2,"59":2,"60":3,"61":2,"62":3,"63":3,"64":3,"65":2,"66":1,"67":1,"68":0,"69":0,"70":0,"71":0,"72":0,"73":0,"74":3,"75":0,"76":3,"77":3,"78":0,"79":3,"80":0,"81":1,"82":2,"83":2,"84":2,"85":2,"86":1,"87":1,"88":1,"89":1},"f":{"0":13,"1":22,"2":1,"3":5,"4":1,"5":1,"6":1,"7":4,"8":12,"9":1,"10":2,"11":1,"12":1,"13":1,"14":4,"15":11,"16":19,"17":4,"18":1,"19":3,"20":6,"21":11,"22":5,"23":2,"24":3,"25":1,"26":0,"27":3,"28":0,"29":2,"30":2,"31":1,"32":1,"33":1},"b":{"0":[1],"1":[13,5],"2":[4],"3":[1],"4":[1],"5":[0],"6":[0],"7":[0],"8":[0],"9":[0],"10":[11,3],"11":[3],"12":[6],"13":[3],"14":[0],"15":[0],"16":[0],"17":[0]}}
}
