TN:
SF:src/core/capture.ts
FN:13,(anonymous_0)
FN:17,(anonymous_1)
FN:62,(anonymous_2)
FN:67,(anonymous_3)
FN:72,(anonymous_4)
FN:79,(anonymous_5)
FN:89,(anonymous_6)
FN:99,(anonymous_7)
FN:105,(anonymous_8)
FNF:9
FNH:9
FNDA:28,(anonymous_0)
FNDA:15,(anonymous_1)
FNDA:17,(anonymous_2)
FNDA:5,(anonymous_3)
FNDA:4,(anonymous_4)
FNDA:21,(anonymous_5)
FNDA:5,(anonymous_6)
FNDA:18,(anonymous_7)
FNDA:18,(anonymous_8)
DA:2,3
DA:10,3
DA:14,28
DA:18,15
DA:19,15
DA:20,16
DA:21,14
DA:22,14
DA:26,15
DA:27,15
DA:28,15
DA:30,15
DA:31,18
DA:32,18
DA:33,18
DA:34,18
DA:36,18
DA:37,18
DA:39,18
DA:50,18
DA:51,5
DA:52,5
DA:55,18
DA:56,18
DA:59,15
DA:63,17
DA:64,16
DA:66,16
DA:67,5
DA:68,2
DA:71,14
DA:72,4
DA:73,2
DA:76,12
DA:80,21
DA:81,21
DA:82,21
DA:83,21
DA:84,21
DA:85,21
DA:86,21
DA:93,5
DA:94,0
DA:96,5
DA:100,18
DA:101,17
DA:102,16
DA:106,18
DA:107,18
DA:108,18
DA:109,18
DA:110,18
DA:111,18
DA:112,18
DA:113,18
LF:55
LH:54
BRDA:14,0,0,28
BRDA:14,0,1,19
BRDA:20,1,0,14
BRDA:20,2,0,16
BRDA:20,2,1,15
BRDA:32,3,0,0
BRDA:32,4,0,18
BRDA:32,4,1,18
BRDA:33,5,0,0
BRDA:50,6,0,5
BRDA:52,7,0,0
BRDA:63,8,0,1
BRDA:63,9,0,17
BRDA:63,9,1,16
BRDA:66,10,0,2
BRDA:68,11,0,2
BRDA:71,12,0,2
BRDA:73,13,0,2
BRDA:93,14,0,0
BRDA:94,15,0,0
BRDA:100,16,0,1
BRDA:101,17,0,1
BRDA:107,18,0,1
BRDA:108,19,0,1
BRDA:109,20,0,1
BRDA:110,21,0,2
BRDA:111,22,0,4
BRDA:112,23,0,2
BRF:28
BRH:23
end_of_record
TN:
SF:src/core/dependency.ts
FN:9,(anonymous_0)
FN:10,(anonymous_1)
FN:32,(anonymous_2)
FN:33,(anonymous_3)
FN:43,(anonymous_4)
FN:46,(anonymous_5)
FN:53,(anonymous_6)
FN:66,(anonymous_7)
FN:73,(anonymous_8)
FN:90,(anonymous_9)
FN:96,(anonymous_10)
FN:111,(anonymous_11)
FNF:12
FNH:11
FNDA:12,(anonymous_0)
FNDA:31,(anonymous_1)
FNDA:12,(anonymous_2)
FNDA:31,(anonymous_3)
FNDA:29,(anonymous_4)
FNDA:0,(anonymous_5)
FNDA:8,(anonymous_6)
FNDA:9,(anonymous_7)
FNDA:1,(anonymous_8)
FNDA:1,(anonymous_9)
FNDA:2,(anonymous_10)
FNDA:2,(anonymous_11)
DA:5,3
DA:8,3
DA:10,31
DA:11,12
DA:12,31
DA:13,31
DA:14,14
DA:15,1
DA:20,12
DA:21,12
DA:23,12
DA:24,12
DA:26,2
DA:29,10
DA:33,31
DA:35,12
DA:36,31
DA:37,11
DA:41,31
DA:42,9
DA:43,29
DA:46,9
DA:47,0
DA:48,0
DA:49,0
DA:50,0
DA:53,9
DA:54,9
DA:55,0
DA:56,0
DA:57,0
DA:63,31
DA:64,3
DA:65,3
DA:67,9
DA:72,3
DA:73,2
DA:74,1
DA:75,1
DA:76,1
DA:78,2
DA:79,2
DA:84,31
DA:87,12
DA:91,1
DA:92,1
DA:94,1
DA:95,1
DA:97,2
DA:101,1
DA:102,2
DA:103,2
DA:108,1
DA:115,2
DA:116,1
DA:117,1
DA:121,1
LF:57
LH:50
BRDA:12,0,0,31
BRDA:12,0,1,11
BRDA:14,1,0,1
BRDA:36,2,0,11
BRDA:41,3,0,9
BRDA:43,4,0,29
BRDA:43,4,1,17
BRDA:47,5,0,0
BRDA:47,5,1,0
BRDA:48,6,0,0
BRDA:48,6,1,0
BRDA:49,7,0,0
BRDA:54,8,0,0
BRDA:56,9,0,0
BRDA:56,10,0,0
BRDA:56,10,1,0
BRDA:63,11,0,3
BRDA:67,12,0,9
BRDA:67,12,1,9
BRDA:67,12,2,3
BRDA:72,13,0,2
BRDA:74,14,0,1
BRDA:74,14,1,0
BRDA:75,15,0,1
BRDA:75,15,1,0
BRDA:76,16,0,0
BRDA:76,16,1,1
BRDA:78,17,0,2
BRDA:78,18,0,2
BRDA:78,18,1,2
BRDA:92,19,0,1
BRDA:92,19,1,0
BRDA:97,20,0,2
BRDA:97,20,1,0
BRDA:102,21,0,2
BRDA:115,22,0,1
BRDA:116,23,0,1
BRF:37
BRH:23
end_of_record
TN:
SF:src/core/executor.ts
FN:12,(anonymous_0)
FN:19,(anonymous_1)
FN:31,(anonymous_2)
FN:50,(anonymous_3)
FN:78,(anonymous_4)
FN:101,(anonymous_5)
FN:102,(anonymous_6)
FN:107,(anonymous_7)
FN:134,(anonymous_8)
FN:142,(anonymous_9)
FN:149,(anonymous_10)
FN:156,(anonymous_11)
FN:157,(anonymous_12)
FN:164,(anonymous_13)
FN:168,(anonymous_14)
FN:169,(anonymous_15)
FN:178,(anonymous_16)
FN:179,(anonymous_17)
FNF:18
FNH:13
FNDA:17,(anonymous_0)
FNDA:5,(anonymous_1)
FNDA:7,(anonymous_2)
FNDA:7,(anonymous_3)
FNDA:7,(anonymous_4)
FNDA:7,(anonymous_5)
FNDA:0,(anonymous_6)
FNDA:0,(anonymous_7)
FNDA:3,(anonymous_8)
FNDA:0,(anonymous_9)
FNDA:14,(anonymous_10)
FNDA:1,(anonymous_11)
FNDA:1,(anonymous_12)
FNDA:1,(anonymous_13)
FNDA:44,(anonymous_14)
FNDA:10,(anonymous_15)
FNDA:0,(anonymous_16)
FNDA:0,(anonymous_17)
DA:6,3
DA:13,17
DA:14,17
DA:15,17
DA:16,17
DA:20,5
DA:21,5
DA:22,5
DA:24,5
DA:25,5
DA:27,5
DA:28,6
DA:30,6
DA:32,7
DA:33,7
DA:34,7
DA:38,6
DA:40,6
DA:41,7
DA:42,7
DA:46,5
DA:47,5
DA:56,7
DA:58,7
DA:59,7
DA:60,7
DA:62,0
DA:63,0
DA:64,0
DA:69,0
DA:70,0
DA:71,0
DA:72,0
DA:73,0
DA:74,0
DA:75,0
DA:82,7
DA:83,7
DA:84,7
DA:85,7
DA:86,7
DA:88,7
DA:90,7
DA:91,0
DA:92,0
DA:93,0
DA:94,0
DA:95,0
DA:96,0
DA:97,0
DA:100,7
DA:101,7
DA:102,7
DA:105,7
DA:107,0
DA:112,7
DA:113,7
DA:115,0
DA:118,7
DA:119,7
DA:121,7
DA:122,6
DA:123,6
DA:125,1
DA:126,1
DA:129,7
DA:130,7
DA:131,7
DA:135,3
DA:136,3
DA:137,2
DA:138,2
DA:139,2
DA:143,0
DA:144,0
DA:145,0
DA:150,14
DA:151,14
DA:153,14
DA:157,1
DA:158,1
DA:159,1
DA:161,1
DA:165,1
DA:169,44
DA:170,10
DA:171,10
DA:173,0
DA:179,0
LF:89
LH:65
BRDA:24,0,0,5
BRDA:24,0,1,5
BRDA:25,1,0,5
BRDA:25,1,1,5
BRDA:28,2,0,0
BRDA:33,3,0,0
BRDA:42,4,0,7
BRDA:63,5,0,0
BRDA:70,6,0,0
BRDA:70,6,1,0
BRDA:90,7,0,0
BRDA:115,8,0,0
BRDA:115,8,1,0
BRDA:121,9,0,6
BRDA:121,9,1,1
BRDA:126,10,0,1
BRDA:126,10,1,1
BRDA:136,11,0,1
BRDA:143,12,0,0
BRDA:150,13,0,14
BRF:20
BRH:11
end_of_record
TN:
SF:src/core/task.ts
FN:26,(anonymous_0)
FN:27,(anonymous_1)
FN:55,(anonymous_2)
FN:68,(anonymous_3)
FN:109,(anonymous_4)
FN:128,(anonymous_5)
FN:141,(anonymous_6)
FN:153,(anonymous_7)
FN:171,(anonymous_8)
FN:172,(anonymous_9)
FN:178,(anonymous_10)
FN:185,(anonymous_11)
FN:192,(anonymous_12)
FN:195,(anonymous_13)
FN:196,(anonymous_14)
FN:202,(anonymous_15)
FN:205,(anonymous_16)
FN:206,(anonymous_17)
FN:213,createTask
FN:230,isCompleted
FN:237,isFailed
FN:244,isRunning
FN:251,isPending
FNF:23
FNH:23
FNDA:44,(anonymous_0)
FNDA:107,(anonymous_1)
FNDA:38,(anonymous_2)
FNDA:102,(anonymous_3)
FNDA:18,(anonymous_4)
FNDA:64,(anonymous_5)
FNDA:50,(anonymous_6)
FNDA:4,(anonymous_7)
FNDA:1,(anonymous_8)
FNDA:2,(anonymous_9)
FNDA:10,(anonymous_10)
FNDA:4,(anonymous_11)
FNDA:1,(anonymous_12)
FNDA:1,(anonymous_13)
FNDA:1,(anonymous_14)
FNDA:1,(anonymous_15)
FNDA:2,(anonymous_16)
FNDA:2,(anonymous_17)
FNDA:176,createTask
FNDA:3,isCompleted
FNDA:2,isFailed
FNDA:2,isRunning
FNDA:2,isPending
DA:21,9
DA:27,107
DA:28,44
DA:29,44
DA:32,44
DA:33,107
DA:34,107
DA:38,44
DA:39,107
DA:40,107
DA:41,56
DA:42,55
DA:56,38
DA:57,38
DA:58,38
DA:60,38
DA:61,38
DA:64,38
DA:65,101
DA:68,38
DA:69,102
DA:70,102
DA:72,102
DA:73,102
DA:74,57
DA:76,57
DA:78,6
DA:79,6
DA:80,6
DA:83,51
DA:84,15
DA:88,86
DA:89,86
DA:93,38
DA:94,91
DA:95,87
DA:111,18
DA:112,18
DA:114,0
DA:117,18
DA:118,18
DA:120,18
DA:122,38
DA:124,38
DA:125,127
DA:127,86
DA:128,86
DA:130,86
DA:131,50
DA:135,38
DA:137,0
DA:140,38
DA:141,50
DA:144,18
DA:154,4
DA:156,4
DA:157,10
DA:159,8
DA:160,8
DA:161,4
DA:165,4
DA:172,2
DA:179,10
DA:186,4
DA:193,1
DA:194,1
DA:195,1
DA:196,1
DA:203,1
DA:204,1
DA:205,2
DA:206,2
DA:213,9
DA:214,176
DA:215,176
DA:230,9
DA:231,3
DA:237,9
DA:238,2
DA:244,9
DA:245,2
DA:251,9
DA:252,2
LF:83
LH:81
BRDA:33,0,0,107
BRDA:33,0,1,15
BRDA:39,1,0,107
BRDA:39,1,1,15
BRDA:41,2,0,55
BRDA:72,3,0,102
BRDA:72,3,1,1
BRDA:74,4,0,57
BRDA:74,4,1,1
BRDA:76,5,0,6
BRDA:83,6,0,15
BRDA:94,7,0,87
BRDA:125,8,0,41
BRDA:127,9,0,86
BRDA:127,9,1,0
BRDA:130,10,0,50
BRDA:135,11,0,0
BRDA:157,12,0,2
BRDA:157,13,0,10
BRDA:157,13,1,5
BRDA:159,14,0,8
BRDA:159,14,1,0
BRDA:160,15,0,4
BRDA:193,16,0,1
BRDA:193,16,1,0
BRDA:203,17,0,1
BRDA:203,17,1,0
BRDA:213,18,0,0
BRDA:216,19,0,176
BRDA:216,19,1,18
BRDA:217,20,0,176
BRDA:217,20,1,21
BRDA:218,21,0,176
BRDA:218,21,1,121
BRDA:219,22,0,176
BRDA:219,22,1,176
BRDA:231,23,0,3
BRDA:231,23,1,2
BRF:38
BRH:32
end_of_record
TN:
SF:src/inference/intent.ts
FN:46,(anonymous_0)
FN:71,(anonymous_1)
FN:72,(anonymous_2)
FN:75,(anonymous_3)
FNF:4
FNH:3
FNDA:53,(anonymous_0)
FNDA:1,(anonymous_1)
FNDA:6,(anonymous_2)
FNDA:0,(anonymous_3)
DA:9,4
DA:45,4
DA:47,53
DA:48,2
DA:51,51
DA:53,51
DA:54,148
DA:55,757
DA:59,5
DA:60,18
DA:61,60
DA:65,2
DA:66,2
DA:68,2
DA:72,6
DA:76,0
DA:77,0
DA:78,0
DA:79,0
DA:80,0
DA:81,0
DA:82,0
DA:83,0
DA:84,0
DA:85,0
DA:86,0
DA:88,0
LF:27
LH:15
BRDA:47,0,0,2
BRDA:47,1,0,53
BRDA:47,1,1,52
BRDA:55,2,0,46
BRDA:61,3,0,3
BRDA:65,4,0,0
BRDA:66,5,0,0
BRDA:76,6,0,0
BRDA:76,7,0,0
BRDA:76,7,1,0
BRDA:79,8,0,0
BRDA:79,9,0,0
BRDA:79,9,1,0
BRDA:81,10,0,0
BRDA:82,11,0,0
BRDA:84,12,0,0
BRDA:85,13,0,0
BRF:17
BRH:5
end_of_record
TN:
SF:src/persistence/state.ts
FN:27,(anonymous_9)
FN:38,(anonymous_10)
FN:48,(anonymous_11)
FN:55,(anonymous_12)
FN:62,(anonymous_13)
FN:69,(anonymous_14)
FN:76,(anonymous_15)
FN:83,(anonymous_16)
FN:84,(anonymous_17)
FN:90,(anonymous_18)
FN:101,(anonymous_19)
FN:109,(anonymous_20)
FN:119,(anonymous_21)
FN:124,(anonymous_22)
FN:133,(anonymous_23)
FN:156,(anonymous_24)
FN:167,(anonymous_25)
FN:177,(anonymous_26)
FN:184,(anonymous_27)
FN:185,(anonymous_28)
FN:191,(anonymous_29)
FN:192,(anonymous_30)
FN:198,(anonymous_31)
FN:214,(anonymous_32)
FN:216,(anonymous_33)
FN:231,(anonymous_34)
FN:241,(anonymous_35)
FN:254,(anonymous_36)
FN:266,(anonymous_37)
FN:281,(anonymous_38)
FN:289,(anonymous_39)
FN:297,(anonymous_40)
FN:304,(anonymous_41)
FN:311,(anonymous_42)
FNF:34
FNH:32
FNDA:22,(anonymous_9)
FNDA:39,(anonymous_10)
FNDA:1,(anonymous_11)
FNDA:13,(anonymous_12)
FNDA:8,(anonymous_13)
FNDA:1,(anonymous_14)
FNDA:1,(anonymous_15)
FNDA:4,(anonymous_16)
FNDA:12,(anonymous_17)
FNDA:1,(anonymous_18)
FNDA:2,(anonymous_19)
FNDA:1,(anonymous_20)
FNDA:1,(anonymous_21)
FNDA:1,(anonymous_22)
FNDA:4,(anonymous_23)
FNDA:20,(anonymous_24)
FNDA:21,(anonymous_25)
FNDA:4,(anonymous_26)
FNDA:1,(anonymous_27)
FNDA:3,(anonymous_28)
FNDA:6,(anonymous_29)
FNDA:11,(anonymous_30)
FNDA:5,(anonymous_31)
FNDA:2,(anonymous_32)
FNDA:3,(anonymous_33)
FNDA:1,(anonymous_34)
FNDA:0,(anonymous_35)
FNDA:3,(anonymous_36)
FNDA:0,(anonymous_37)
FNDA:2,(anonymous_38)
FNDA:2,(anonymous_39)
FNDA:1,(anonymous_40)
FNDA:1,(anonymous_41)
FNDA:1,(anonymous_42)
DA:10,3
DA:11,3
DA:23,3
DA:28,22
DA:29,22
DA:30,22
DA:31,1
DA:39,39
DA:40,39
DA:41,4
DA:49,1
DA:56,13
DA:63,8
DA:70,1
DA:77,1
DA:84,12
DA:91,1
DA:92,1
DA:93,1
DA:94,1
DA:102,2
DA:103,1
DA:110,1
DA:111,1
DA:112,0
DA:120,1
DA:121,1
DA:122,1
DA:123,1
DA:124,1
DA:134,4
DA:135,4
DA:136,4
DA:137,4
DA:138,0
DA:140,4
DA:152,3
DA:157,20
DA:158,20
DA:159,20
DA:160,0
DA:168,21
DA:169,21
DA:170,3
DA:178,4
DA:185,3
DA:192,11
DA:199,5
DA:202,5
DA:203,6
DA:204,6
DA:208,5
DA:215,2
DA:216,3
DA:218,2
DA:219,3
DA:220,3
DA:221,3
DA:225,2
DA:232,1
DA:233,1
DA:234,0
DA:242,0
DA:243,0
DA:244,0
DA:245,0
DA:255,3
DA:256,3
DA:257,3
DA:258,0
DA:260,3
DA:267,0
DA:277,3
DA:282,2
DA:283,2
DA:290,2
DA:291,2
DA:298,1
DA:305,1
DA:312,1
LF:80
LH:70
BRDA:30,0,0,1
BRDA:30,1,0,22
BRDA:30,1,1,5
BRDA:40,2,0,4
BRDA:92,3,0,1
BRDA:102,4,0,1
BRDA:111,5,0,0
BRDA:120,6,0,0
BRDA:134,7,0,0
BRDA:137,8,0,0
BRDA:159,9,0,0
BRDA:159,10,0,20
BRDA:159,10,1,3
BRDA:169,11,0,3
BRDA:203,12,0,6
BRDA:220,13,0,3
BRDA:233,14,0,0
BRDA:242,15,0,0
BRDA:255,16,0,0
BRDA:257,17,0,0
BRF:20
BRH:11
end_of_record
TN:
SF:src/ui/notification-inbox.ts
FN:31,(anonymous_0)
FN:44,(anonymous_1)
FN:125,(anonymous_2)
FN:132,(anonymous_3)
FN:135,(anonymous_4)
FN:136,(anonymous_5)
FN:143,(anonymous_6)
FN:153,(anonymous_7)
FN:163,(anonymous_8)
FN:170,(anonymous_9)
FN:177,(anonymous_10)
FNF:11
FNH:9
FNDA:15,(anonymous_0)
FNDA:12,(anonymous_1)
FNDA:0,(anonymous_2)
FNDA:9,(anonymous_3)
FNDA:6,(anonymous_4)
FNDA:5,(anonymous_5)
FNDA:0,(anonymous_6)
FNDA:1,(anonymous_7)
FNDA:1,(anonymous_8)
FNDA:7,(anonymous_9)
FNDA:7,(anonymous_10)
DA:25,3
DA:35,15
DA:36,15
DA:37,15
DA:38,15
DA:45,12
DA:47,12
DA:48,17
DA:51,17
DA:52,5
DA:60,5
DA:64,12
DA:65,4
DA:66,2
DA:75,4
DA:79,8
DA:80,6
DA:81,6
DA:82,1
DA:90,1
DA:94,5
DA:95,0
DA:100,7
DA:105,2
DA:110,12
DA:111,10
DA:112,0
DA:117,12
DA:118,0
DA:126,0
DA:133,9
DA:134,9
DA:135,6
DA:138,5
DA:139,0
DA:141,5
DA:145,0
DA:146,0
DA:154,1
DA:155,1
DA:156,1
DA:164,1
DA:171,7
DA:178,7
LF:44
LH:37
BRDA:32,0,0,9
BRDA:33,1,0,9
BRDA:51,2,0,5
BRDA:64,3,0,4
BRDA:65,4,0,2
BRDA:65,5,0,4
BRDA:65,5,1,2
BRDA:79,6,0,6
BRDA:79,7,0,8
BRDA:79,7,1,6
BRDA:81,8,0,1
BRDA:94,9,0,0
BRDA:94,10,0,5
BRDA:94,10,1,0
BRDA:100,11,0,2
BRDA:101,12,0,7
BRDA:101,12,1,5
BRDA:101,12,2,5
BRDA:111,13,0,0
BRDA:111,14,0,10
BRDA:111,14,1,4
BRDA:117,15,0,0
BRDA:138,16,0,0
BRDA:146,17,0,0
BRDA:146,17,1,0
BRDA:146,18,0,0
BRDA:146,18,1,0
BRDA:155,19,0,1
BRF:28
BRH:19
end_of_record
TN:
SF:src/ui/progress-widget.ts
FN:16,(anonymous_0)
FN:24,(anonymous_1)
FN:34,(anonymous_2)
FN:41,(anonymous_3)
FN:48,(anonymous_4)
FN:51,(anonymous_5)
FN:64,(anonymous_6)
FN:66,(anonymous_7)
FN:77,(anonymous_8)
FN:79,(anonymous_9)
FNF:10
FNH:8
FNDA:14,(anonymous_0)
FNDA:11,(anonymous_1)
FNDA:0,(anonymous_2)
FNDA:2,(anonymous_3)
FNDA:1,(anonymous_4)
FNDA:0,(anonymous_5)
FNDA:2,(anonymous_6)
FNDA:6,(anonymous_7)
FNDA:2,(anonymous_8)
FNDA:3,(anonymous_9)
DA:8,3
DA:9,3
DA:12,3
DA:17,14
DA:18,14
DA:25,11
DA:26,11
DA:27,0
DA:35,0
DA:42,2
DA:49,1
DA:50,1
DA:51,1
DA:53,1
DA:55,0
DA:56,0
DA:58,0
DA:65,2
DA:66,6
DA:67,2
DA:78,2
DA:79,3
LF:22
LH:17
BRDA:26,0,0,0
BRDA:53,1,0,1
BRDA:56,2,0,0
BRDA:56,2,1,0
BRDA:70,3,0,2
BRDA:70,3,1,0
BRDA:78,4,0,2
BRDA:78,4,1,2
BRDA:79,5,0,3
BRDA:79,5,1,2
BRF:10
BRH:6
end_of_record
TN:
SF:src/ui/renderer.ts
FN:50,(anonymous_0)
FN:64,(anonymous_1)
FN:79,(anonymous_2)
FN:91,(anonymous_3)
FN:102,(anonymous_4)
FN:109,(anonymous_5)
FN:118,(anonymous_6)
FNF:7
FNH:4
FNDA:5,(anonymous_0)
FNDA:0,(anonymous_1)
FNDA:0,(anonymous_2)
FNDA:3,(anonymous_3)
FNDA:0,(anonymous_4)
FNDA:3,(anonymous_5)
FNDA:3,(anonymous_6)
DA:24,4
DA:35,4
DA:46,4
DA:51,5
DA:52,1
DA:53,1
DA:54,1
DA:55,1
DA:56,0
DA:57,1
DA:65,0
DA:66,0
DA:67,0
DA:68,0
DA:69,0
DA:70,0
DA:71,0
DA:72,0
DA:80,0
DA:81,0
DA:82,0
DA:84,0
DA:85,0
DA:92,3
DA:93,2
DA:94,1
DA:95,1
DA:96,1
DA:103,0
DA:110,3
DA:111,3
DA:112,3
DA:119,3
DA:126,3
DA:127,7
DA:129,3
LF:36
LH:21
BRDA:51,0,0,1
BRDA:51,0,1,1
BRDA:51,0,2,1
BRDA:51,0,3,1
BRDA:51,0,4,0
BRDA:51,0,5,1
BRDA:64,1,0,0
BRDA:65,2,0,0
BRDA:65,2,1,0
BRDA:66,3,0,0
BRDA:66,3,1,0
BRDA:66,3,2,0
BRDA:66,3,3,0
BRDA:66,3,4,0
BRDA:66,3,5,0
BRDA:80,4,0,0
BRDA:80,4,1,0
BRDA:81,5,0,0
BRDA:81,5,1,0
BRDA:82,6,0,0
BRDA:92,7,0,1
BRDA:93,8,0,1
BRDA:102,9,0,0
BRDA:103,10,0,0
BRDA:103,10,1,0
BRDA:109,11,0,0
BRDA:127,12,0,7
BRDA:127,12,1,6
BRF:28
BRH:9
end_of_record
TN:
SF:src/ui/task-card.ts
FN:25,(anonymous_0)
FN:32,(anonymous_1)
FN:66,(anonymous_2)
FN:77,(anonymous_3)
FNF:4
FNH:1
FNDA:0,(anonymous_0)
FNDA:0,(anonymous_1)
FNDA:0,(anonymous_2)
FNDA:2,(anonymous_3)
DA:12,3
DA:22,3
DA:26,0
DA:33,0
DA:34,0
DA:35,0
DA:36,0
DA:38,0
DA:40,0
DA:41,0
DA:44,0
DA:45,0
DA:48,0
DA:49,0
DA:52,0
DA:53,0
DA:56,0
DA:57,0
DA:60,0
DA:67,0
DA:69,0
DA:70,0
DA:71,0
DA:78,2
DA:79,2
DA:81,2
DA:82,2
DA:83,2
DA:84,2
DA:85,2
DA:87,2
LF:31
LH:10
BRDA:40,0,0,0
BRDA:44,1,0,0
BRDA:44,2,0,0
BRDA:44,2,1,0
BRDA:44,2,2,0
BRDA:48,3,0,0
BRDA:48,4,0,0
BRDA:48,4,1,0
BRDA:52,5,0,0
BRDA:52,6,0,0
BRDA:52,6,1,0
BRDA:56,7,0,0
BRDA:81,8,0,1
BRDA:82,9,0,1
BRDA:83,10,0,1
BRDA:84,11,0,0
BRDA:85,12,0,0
BRF:17
BRH:3
end_of_record
