TN:
SF:src/core/dependency.ts
FN:9,(anonymous_0)
FN:10,(anonymous_1)
FN:32,(anonymous_2)
FN:33,(anonymous_3)
FN:43,(anonymous_4)
FN:46,(anonymous_5)
FN:53,(anonymous_6)
FN:66,(anonymous_7)
FN:73,(anonymous_8)
FN:90,(anonymous_9)
FN:96,(anonymous_10)
FN:111,(anonymous_11)
FNF:12
FNH:11
FNDA:11,(anonymous_0)
FNDA:29,(anonymous_1)
FNDA:11,(anonymous_2)
FNDA:29,(anonymous_3)
FNDA:29,(anonymous_4)
FNDA:0,(anonymous_5)
FNDA:8,(anonymous_6)
FNDA:9,(anonymous_7)
FNDA:1,(anonymous_8)
FNDA:1,(anonymous_9)
FNDA:2,(anonymous_10)
FNDA:2,(anonymous_11)
DA:5,1
DA:8,1
DA:10,29
DA:11,11
DA:12,29
DA:13,29
DA:14,14
DA:15,1
DA:20,11
DA:21,11
DA:23,11
DA:24,11
DA:26,2
DA:29,9
DA:33,29
DA:35,11
DA:36,29
DA:37,11
DA:41,29
DA:42,9
DA:43,29
DA:46,9
DA:47,0
DA:48,0
DA:49,0
DA:50,0
DA:53,9
DA:54,9
DA:55,0
DA:56,0
DA:57,0
DA:63,29
DA:64,3
DA:65,3
DA:67,9
DA:72,3
DA:73,2
DA:74,1
DA:75,1
DA:76,1
DA:78,2
DA:79,2
DA:84,29
DA:87,11
DA:91,1
DA:92,1
DA:94,1
DA:95,1
DA:97,2
DA:101,1
DA:102,2
DA:103,2
DA:108,1
DA:115,2
DA:116,1
DA:117,1
DA:121,1
LF:57
LH:50
BRDA:12,0,0,29
BRDA:12,0,1,11
BRDA:14,1,0,1
BRDA:36,2,0,11
BRDA:41,3,0,9
BRDA:43,4,0,29
BRDA:43,4,1,17
BRDA:47,5,0,0
BRDA:47,5,1,0
BRDA:48,6,0,0
BRDA:48,6,1,0
BRDA:49,7,0,0
BRDA:54,8,0,0
BRDA:56,9,0,0
BRDA:56,10,0,0
BRDA:56,10,1,0
BRDA:63,11,0,3
BRDA:67,12,0,9
BRDA:67,12,1,9
BRDA:67,12,2,3
BRDA:72,13,0,2
BRDA:74,14,0,1
BRDA:74,14,1,0
BRDA:75,15,0,1
BRDA:75,15,1,0
BRDA:76,16,0,0
BRDA:76,16,1,1
BRDA:78,17,0,2
BRDA:78,18,0,2
BRDA:78,18,1,2
BRDA:92,19,0,1
BRDA:92,19,1,0
BRDA:97,20,0,2
BRDA:97,20,1,0
BRDA:102,21,0,2
BRDA:115,22,0,1
BRDA:116,23,0,1
BRF:37
BRH:23
end_of_record
TN:
SF:src/core/task.ts
FN:26,(anonymous_0)
FN:27,(anonymous_1)
FN:55,(anonymous_2)
FN:68,(anonymous_3)
FN:109,(anonymous_4)
FN:128,(anonymous_5)
FN:141,(anonymous_6)
FN:153,(anonymous_7)
FN:171,(anonymous_8)
FN:172,(anonymous_9)
FN:178,(anonymous_10)
FN:185,(anonymous_11)
FN:192,(anonymous_12)
FN:195,(anonymous_13)
FN:196,(anonymous_14)
FN:202,(anonymous_15)
FN:205,(anonymous_16)
FN:206,(anonymous_17)
FN:213,createTask
FN:230,isCompleted
FN:237,isFailed
FN:244,isRunning
FN:251,isPending
FNF:23
FNH:23
FNDA:39,(anonymous_0)
FNDA:100,(anonymous_1)
FNDA:32,(anonymous_2)
FNDA:93,(anonymous_3)
FNDA:13,(anonymous_4)
FNDA:62,(anonymous_5)
FNDA:43,(anonymous_6)
FNDA:4,(anonymous_7)
FNDA:1,(anonymous_8)
FNDA:2,(anonymous_9)
FNDA:3,(anonymous_10)
FNDA:4,(anonymous_11)
FNDA:1,(anonymous_12)
FNDA:1,(anonymous_13)
FNDA:1,(anonymous_14)
FNDA:1,(anonymous_15)
FNDA:2,(anonymous_16)
FNDA:2,(anonymous_17)
FNDA:141,createTask
FNDA:3,isCompleted
FNDA:2,isFailed
FNDA:2,isRunning
FNDA:2,isPending
DA:21,3
DA:27,100
DA:28,39
DA:29,39
DA:32,39
DA:33,100
DA:34,100
DA:38,39
DA:39,100
DA:40,100
DA:41,55
DA:42,54
DA:56,32
DA:57,32
DA:58,32
DA:60,32
DA:61,32
DA:64,32
DA:65,92
DA:68,32
DA:69,93
DA:70,93
DA:72,93
DA:73,93
DA:74,56
DA:76,56
DA:78,6
DA:79,6
DA:80,6
DA:83,50
DA:84,15
DA:88,77
DA:89,77
DA:93,32
DA:94,82
DA:95,78
DA:111,13
DA:112,13
DA:114,0
DA:117,13
DA:118,13
DA:120,13
DA:122,32
DA:124,32
DA:125,118
DA:127,78
DA:128,78
DA:130,78
DA:131,43
DA:135,32
DA:137,0
DA:140,32
DA:141,43
DA:144,13
DA:154,4
DA:156,4
DA:157,10
DA:159,8
DA:160,8
DA:161,4
DA:165,4
DA:172,2
DA:179,3
DA:186,4
DA:193,1
DA:194,1
DA:195,1
DA:196,1
DA:203,1
DA:204,1
DA:205,2
DA:206,2
DA:213,3
DA:214,141
DA:215,141
DA:230,3
DA:231,3
DA:237,3
DA:238,2
DA:244,3
DA:245,2
DA:251,3
DA:252,2
LF:83
LH:81
BRDA:33,0,0,100
BRDA:33,0,1,12
BRDA:39,1,0,100
BRDA:39,1,1,12
BRDA:41,2,0,54
BRDA:72,3,0,93
BRDA:72,3,1,1
BRDA:74,4,0,56
BRDA:74,4,1,1
BRDA:76,5,0,6
BRDA:83,6,0,15
BRDA:94,7,0,78
BRDA:125,8,0,40
BRDA:127,9,0,78
BRDA:127,9,1,0
BRDA:130,10,0,43
BRDA:135,11,0,0
BRDA:157,12,0,2
BRDA:157,13,0,10
BRDA:157,13,1,5
BRDA:159,14,0,8
BRDA:159,14,1,0
BRDA:160,15,0,4
BRDA:193,16,0,1
BRDA:193,16,1,0
BRDA:203,17,0,1
BRDA:203,17,1,0
BRDA:213,18,0,0
BRDA:216,19,0,141
BRDA:216,19,1,9
BRDA:217,20,0,141
BRDA:217,20,1,12
BRDA:218,21,0,141
BRDA:218,21,1,113
BRDA:219,22,0,141
BRDA:219,22,1,141
BRDA:231,23,0,3
BRDA:231,23,1,2
BRF:38
BRH:32
end_of_record
TN:
SF:src/persistence/state.ts
FN:27,(anonymous_9)
FN:38,(anonymous_10)
FN:48,(anonymous_11)
FN:55,(anonymous_12)
FN:62,(anonymous_13)
FN:69,(anonymous_14)
FN:76,(anonymous_15)
FN:83,(anonymous_16)
FN:84,(anonymous_17)
FN:90,(anonymous_18)
FN:101,(anonymous_19)
FN:109,(anonymous_20)
FN:119,(anonymous_21)
FN:124,(anonymous_22)
FN:133,(anonymous_23)
FN:156,(anonymous_24)
FN:167,(anonymous_25)
FN:177,(anonymous_26)
FN:184,(anonymous_27)
FN:185,(anonymous_28)
FN:191,(anonymous_29)
FN:192,(anonymous_30)
FN:198,(anonymous_31)
FN:214,(anonymous_32)
FN:216,(anonymous_33)
FN:231,(anonymous_34)
FN:241,(anonymous_35)
FN:254,(anonymous_36)
FN:266,(anonymous_37)
FN:281,(anonymous_38)
FN:289,(anonymous_39)
FN:297,(anonymous_40)
FN:304,(anonymous_41)
FN:311,(anonymous_42)
FNF:34
FNH:32
FNDA:13,(anonymous_9)
FNDA:22,(anonymous_10)
FNDA:1,(anonymous_11)
FNDA:5,(anonymous_12)
FNDA:1,(anonymous_13)
FNDA:1,(anonymous_14)
FNDA:1,(anonymous_15)
FNDA:4,(anonymous_16)
FNDA:12,(anonymous_17)
FNDA:1,(anonymous_18)
FNDA:2,(anonymous_19)
FNDA:1,(anonymous_20)
FNDA:1,(anonymous_21)
FNDA:1,(anonymous_22)
FNDA:4,(anonymous_23)
FNDA:11,(anonymous_24)
FNDA:19,(anonymous_25)
FNDA:4,(anonymous_26)
FNDA:1,(anonymous_27)
FNDA:3,(anonymous_28)
FNDA:6,(anonymous_29)
FNDA:11,(anonymous_30)
FNDA:5,(anonymous_31)
FNDA:2,(anonymous_32)
FNDA:3,(anonymous_33)
FNDA:1,(anonymous_34)
FNDA:0,(anonymous_35)
FNDA:3,(anonymous_36)
FNDA:0,(anonymous_37)
FNDA:2,(anonymous_38)
FNDA:2,(anonymous_39)
FNDA:1,(anonymous_40)
FNDA:1,(anonymous_41)
FNDA:1,(anonymous_42)
DA:10,1
DA:11,1
DA:23,1
DA:28,13
DA:29,13
DA:30,13
DA:31,1
DA:39,22
DA:40,22
DA:41,4
DA:49,1
DA:56,5
DA:63,1
DA:70,1
DA:77,1
DA:84,12
DA:91,1
DA:92,1
DA:93,1
DA:94,1
DA:102,2
DA:103,1
DA:110,1
DA:111,1
DA:112,0
DA:120,1
DA:121,1
DA:122,1
DA:123,1
DA:124,1
DA:134,4
DA:135,4
DA:136,4
DA:137,4
DA:138,0
DA:140,4
DA:152,1
DA:157,11
DA:158,11
DA:159,11
DA:160,0
DA:168,19
DA:169,19
DA:170,3
DA:178,4
DA:185,3
DA:192,11
DA:199,5
DA:202,5
DA:203,6
DA:204,6
DA:208,5
DA:215,2
DA:216,3
DA:218,2
DA:219,3
DA:220,3
DA:221,3
DA:225,2
DA:232,1
DA:233,1
DA:234,0
DA:242,0
DA:243,0
DA:244,0
DA:245,0
DA:255,3
DA:256,3
DA:257,3
DA:258,0
DA:260,3
DA:267,0
DA:277,1
DA:282,2
DA:283,2
DA:290,2
DA:291,2
DA:298,1
DA:305,1
DA:312,1
LF:80
LH:70
BRDA:30,0,0,1
BRDA:30,1,0,13
BRDA:30,1,1,5
BRDA:40,2,0,4
BRDA:92,3,0,1
BRDA:102,4,0,1
BRDA:111,5,0,0
BRDA:120,6,0,0
BRDA:134,7,0,0
BRDA:137,8,0,0
BRDA:159,9,0,0
BRDA:159,10,0,11
BRDA:159,10,1,3
BRDA:169,11,0,3
BRDA:203,12,0,6
BRDA:220,13,0,3
BRDA:233,14,0,0
BRDA:242,15,0,0
BRDA:255,16,0,0
BRDA:257,17,0,0
BRF:20
BRH:11
end_of_record
